2021-04-12 09:29:37,254 WARN com.zaxxer.hikari.pool.HikariPool [HikariPool-3 housekeeper] HikariPool-3 - Thread starvation or clock leap detected (housekeeper delta=10h24m50s182ms244µs800ns).
2021-04-12 11:10:54,671 DEBUG com.cg.hims.loggeraspect.UserLoggerAspect [http-nio-8081-exec-4] Entering method : com.cg.hims.controller.LoginController.AuthenticateUser() with argument[s] = [a, a]
2021-04-12 11:10:54,703 DEBUG com.cg.hims.loggeraspect.UserLoggerAspect [http-nio-8081-exec-4] Exiting method: com.cg.hims.controller.LoginController.AuthenticateUser() with result = <200 OK OK,User doesn't exist,[]>
2021-04-12 11:10:54,752 DEBUG com.cg.hims.loggeraspect.PolicyHolderLoggerAspect [http-nio-8081-exec-5] Entering method : com.cg.hims.controller.PolicyHolderController.getAllPolicyHolders() with argument[s] = []
2021-04-12 11:10:54,817 DEBUG com.cg.hims.loggeraspect.PolicyHolderLoggerAspect [http-nio-8081-exec-5] Exiting method: com.cg.hims.controller.PolicyHolderController.getAllPolicyHolders() with result = [FAILED toString()]
2021-04-12 11:11:03,332 DEBUG com.cg.hims.loggeraspect.PolicyHolderLoggerAspect [http-nio-8081-exec-7] Entering method : com.cg.hims.controller.PolicyHolderController.getAllPolicyHolders() with argument[s] = []
2021-04-12 11:11:03,363 DEBUG com.cg.hims.loggeraspect.PolicyHolderLoggerAspect [http-nio-8081-exec-7] Exiting method: com.cg.hims.controller.PolicyHolderController.getAllPolicyHolders() with result = [FAILED toString()]
2021-04-12 11:15:07,733 DEBUG com.cg.hims.loggeraspect.PolicyHolderLoggerAspect [http-nio-8081-exec-3] Entering method : com.cg.hims.controller.PolicyHolderController.getAllPolicyHolders() with argument[s] = []
2021-04-12 11:15:07,752 DEBUG com.cg.hims.loggeraspect.PolicyHolderLoggerAspect [http-nio-8081-exec-3] Exiting method: com.cg.hims.controller.PolicyHolderController.getAllPolicyHolders() with result = [FAILED toString()]
2021-04-12 11:57:03,685 DEBUG com.cg.hims.loggeraspect.UserLoggerAspect [http-nio-8081-exec-5] Entering method : com.cg.hims.controller.LoginController.AuthenticateUser() with argument[s] = [a, a]
2021-04-12 11:57:03,691 DEBUG com.cg.hims.loggeraspect.UserLoggerAspect [http-nio-8081-exec-5] Exiting method: com.cg.hims.controller.LoginController.AuthenticateUser() with result = <200 OK OK,User doesn't exist,[]>
2021-04-12 11:57:03,732 DEBUG com.cg.hims.loggeraspect.PolicyHolderLoggerAspect [http-nio-8081-exec-6] Entering method : com.cg.hims.controller.PolicyHolderController.getAllPolicyHolders() with argument[s] = []
2021-04-12 11:57:03,769 DEBUG com.cg.hims.loggeraspect.PolicyHolderLoggerAspect [http-nio-8081-exec-6] Exiting method: com.cg.hims.controller.PolicyHolderController.getAllPolicyHolders() with result = [FAILED toString()]
2021-04-12 11:57:07,313 DEBUG com.cg.hims.loggeraspect.PolicyHolderLoggerAspect [http-nio-8081-exec-7] Entering method : com.cg.hims.controller.PolicyHolderController.viewPolicyHolder() with argument[s] = [32]
2021-04-12 11:57:07,339 DEBUG com.cg.hims.loggeraspect.PolicyHolderLoggerAspect [http-nio-8081-exec-7] Exiting method: com.cg.hims.controller.PolicyHolderController.viewPolicyHolder() with result = [FAILED toString()]
2021-04-12 11:57:13,820 DEBUG com.cg.hims.loggeraspect.PolicyHolderLoggerAspect [http-nio-8081-exec-8] Entering method : com.cg.hims.controller.PolicyHolderController.getAllPolicyHolders() with argument[s] = []
2021-04-12 11:57:13,848 DEBUG com.cg.hims.loggeraspect.PolicyHolderLoggerAspect [http-nio-8081-exec-8] Exiting method: com.cg.hims.controller.PolicyHolderController.getAllPolicyHolders() with result = [FAILED toString()]
2021-04-12 11:58:32,698 DEBUG com.cg.hims.loggeraspect.PolicyHolderLoggerAspect [http-nio-8081-exec-10] Entering method : com.cg.hims.controller.PolicyHolderController.getAllPolicyHolders() with argument[s] = []
2021-04-12 11:58:32,739 DEBUG com.cg.hims.loggeraspect.PolicyHolderLoggerAspect [http-nio-8081-exec-10] Exiting method: com.cg.hims.controller.PolicyHolderController.getAllPolicyHolders() with result = [FAILED toString()]
2021-04-12 11:58:34,631 DEBUG com.cg.hims.loggeraspect.PolicyHolderLoggerAspect [http-nio-8081-exec-1] Entering method : com.cg.hims.controller.PolicyHolderController.viewPolicyHolder() with argument[s] = [32]
2021-04-12 11:58:34,649 DEBUG com.cg.hims.loggeraspect.PolicyHolderLoggerAspect [http-nio-8081-exec-1] Exiting method: com.cg.hims.controller.PolicyHolderController.viewPolicyHolder() with result = [FAILED toString()]
2021-04-12 11:59:00,016 DEBUG com.cg.hims.loggeraspect.PolicyHolderLoggerAspect [http-nio-8081-exec-3] Entering method : com.cg.hims.controller.PolicyHolderController.updatePolicyHolder() with argument[s] = [32, PolicyHolder(policyHolderId=0, policyHolderName=null, creditCard=HDFC, dob=2021-04-02, occupation=SA, annualIncome=0.0, isRetired=false, residenceType=Group, city=VIJAYAWADA, state=Andhra Pradesh, zip=520010, residenceUse=20 years, user=null, agent=null, quote=null, property=null, policy=null)]
2021-04-12 11:59:00,055 DEBUG com.cg.hims.loggeraspect.PolicyHolderLoggerAspect [http-nio-8081-exec-3] Exiting method: com.cg.hims.controller.PolicyHolderController.updatePolicyHolder() with result = <200 OK OK,PolicyHolder(policyHolderId=0, policyHolderName=null, creditCard=HDFC, dob=2021-04-02, occupation=SA, annualIncome=0.0, isRetired=false, residenceType=Group, city=VIJAYAWADA, state=Andhra Pradesh, zip=520010, residenceUse=20 years, user=null, agent=null, quote=null, property=null, policy=null),[]>
2021-04-12 11:59:00,093 DEBUG com.cg.hims.loggeraspect.PolicyHolderLoggerAspect [http-nio-8081-exec-4] Entering method : com.cg.hims.controller.PolicyHolderController.getAllPolicyHolders() with argument[s] = []
2021-04-12 11:59:00,118 DEBUG com.cg.hims.loggeraspect.PolicyHolderLoggerAspect [http-nio-8081-exec-4] Exiting method: com.cg.hims.controller.PolicyHolderController.getAllPolicyHolders() with result = [FAILED toString()]
2021-04-12 11:59:01,713 DEBUG com.cg.hims.loggeraspect.PolicyHolderLoggerAspect [http-nio-8081-exec-5] Entering method : com.cg.hims.controller.PolicyHolderController.viewPolicyHolder() with argument[s] = [32]
2021-04-12 11:59:01,724 DEBUG com.cg.hims.loggeraspect.PolicyHolderLoggerAspect [http-nio-8081-exec-5] Exiting method: com.cg.hims.controller.PolicyHolderController.viewPolicyHolder() with result = [FAILED toString()]
2021-04-12 11:59:03,558 DEBUG com.cg.hims.loggeraspect.PolicyHolderLoggerAspect [http-nio-8081-exec-6] Entering method : com.cg.hims.controller.PolicyHolderController.getAllPolicyHolders() with argument[s] = []
2021-04-12 11:59:03,569 DEBUG com.cg.hims.loggeraspect.PolicyHolderLoggerAspect [http-nio-8081-exec-6] Exiting method: com.cg.hims.controller.PolicyHolderController.getAllPolicyHolders() with result = [FAILED toString()]
2021-04-12 11:59:21,672 DEBUG com.cg.hims.loggeraspect.PolicyHolderLoggerAspect [http-nio-8081-exec-7] Entering method : com.cg.hims.controller.PolicyHolderController.viewPolicyHolder() with argument[s] = [32]
2021-04-12 11:59:21,681 DEBUG com.cg.hims.loggeraspect.PolicyHolderLoggerAspect [http-nio-8081-exec-7] Exiting method: com.cg.hims.controller.PolicyHolderController.viewPolicyHolder() with result = [FAILED toString()]
2021-04-12 11:59:35,237 DEBUG com.cg.hims.loggeraspect.PolicyHolderLoggerAspect [http-nio-8081-exec-8] Entering method : com.cg.hims.controller.PolicyHolderController.updatePolicyHolder() with argument[s] = [32, PolicyHolder(policyHolderId=0, policyHolderName=null, creditCard=HDFC, dob=2021-04-16, occupation=Customer, annualIncome=0.0, isRetired=false, residenceType=group, city=VIJAYAWADA, state=Andhra Pradesh, zip=520010, residenceUse=20 years, user=null, agent=null, quote=null, property=null, policy=null)]
2021-04-12 11:59:35,256 WARN org.hibernate.engine.jdbc.spi.SqlExceptionHelper [http-nio-8081-exec-8] SQL Error: 0, SQLState: 23505
2021-04-12 11:59:35,256 ERROR org.hibernate.engine.jdbc.spi.SqlExceptionHelper [http-nio-8081-exec-8] ERROR: duplicate key value violates unique constraint "policyholder_pkey"
  Detail: Key (policy_holder_id)=(0) already exists.
2021-04-12 11:59:35,265 ERROR com.cg.hims.loggeraspect.PolicyHolderLoggerAspect [http-nio-8081-exec-8] Error in com.cg.hims.controller.PolicyHolderController.updatePolicyHolder()
2021-04-12 11:59:35,266 ERROR com.cg.hims.loggeraspect.PolicyHolderLoggerAspect [http-nio-8081-exec-8] could not execute statement; SQL [n/a]; constraint [policyholder_pkey]; nested exception is org.hibernate.exception.ConstraintViolationException: could not execute statement
2021-04-12 11:59:35,266 ERROR com.cg.hims.loggeraspect.PolicyHolderLoggerAspect [http-nio-8081-exec-8] could not execute statement; SQL [n/a]; constraint [policyholder_pkey]; nested exception is org.hibernate.exception.ConstraintViolationException: could not execute statement
2021-04-12 11:59:36,860 DEBUG com.cg.hims.loggeraspect.PolicyHolderLoggerAspect [http-nio-8081-exec-9] Entering method : com.cg.hims.controller.PolicyHolderController.updatePolicyHolder() with argument[s] = [32, PolicyHolder(policyHolderId=0, policyHolderName=null, creditCard=HDFC, dob=2021-04-16, occupation=Customer, annualIncome=0.0, isRetired=false, residenceType=group, city=VIJAYAWADA, state=Andhra Pradesh, zip=520010, residenceUse=20 years, user=null, agent=null, quote=null, property=null, policy=null)]
2021-04-12 11:59:36,864 WARN org.hibernate.engine.jdbc.spi.SqlExceptionHelper [http-nio-8081-exec-9] SQL Error: 0, SQLState: 23505
2021-04-12 11:59:36,864 ERROR org.hibernate.engine.jdbc.spi.SqlExceptionHelper [http-nio-8081-exec-9] ERROR: duplicate key value violates unique constraint "policyholder_pkey"
  Detail: Key (policy_holder_id)=(0) already exists.
2021-04-12 11:59:36,864 ERROR com.cg.hims.loggeraspect.PolicyHolderLoggerAspect [http-nio-8081-exec-9] Error in com.cg.hims.controller.PolicyHolderController.updatePolicyHolder()
2021-04-12 11:59:36,864 ERROR com.cg.hims.loggeraspect.PolicyHolderLoggerAspect [http-nio-8081-exec-9] could not execute statement; SQL [n/a]; constraint [policyholder_pkey]; nested exception is org.hibernate.exception.ConstraintViolationException: could not execute statement
2021-04-12 11:59:36,864 ERROR com.cg.hims.loggeraspect.PolicyHolderLoggerAspect [http-nio-8081-exec-9] could not execute statement; SQL [n/a]; constraint [policyholder_pkey]; nested exception is org.hibernate.exception.ConstraintViolationException: could not execute statement
2021-04-12 11:59:38,587 DEBUG com.cg.hims.loggeraspect.PolicyHolderLoggerAspect [http-nio-8081-exec-10] Entering method : com.cg.hims.controller.PolicyHolderController.updatePolicyHolder() with argument[s] = [32, PolicyHolder(policyHolderId=0, policyHolderName=null, creditCard=HDFC, dob=2021-04-16, occupation=Customer, annualIncome=0.0, isRetired=false, residenceType=group, city=VIJAYAWADA, state=Andhra Pradesh, zip=520010, residenceUse=20 years, user=null, agent=null, quote=null, property=null, policy=null)]
2021-04-12 11:59:38,590 WARN org.hibernate.engine.jdbc.spi.SqlExceptionHelper [http-nio-8081-exec-10] SQL Error: 0, SQLState: 23505
2021-04-12 11:59:38,590 ERROR org.hibernate.engine.jdbc.spi.SqlExceptionHelper [http-nio-8081-exec-10] ERROR: duplicate key value violates unique constraint "policyholder_pkey"
  Detail: Key (policy_holder_id)=(0) already exists.
2021-04-12 11:59:38,590 ERROR com.cg.hims.loggeraspect.PolicyHolderLoggerAspect [http-nio-8081-exec-10] Error in com.cg.hims.controller.PolicyHolderController.updatePolicyHolder()
2021-04-12 11:59:38,590 ERROR com.cg.hims.loggeraspect.PolicyHolderLoggerAspect [http-nio-8081-exec-10] could not execute statement; SQL [n/a]; constraint [policyholder_pkey]; nested exception is org.hibernate.exception.ConstraintViolationException: could not execute statement
2021-04-12 11:59:38,590 ERROR com.cg.hims.loggeraspect.PolicyHolderLoggerAspect [http-nio-8081-exec-10] could not execute statement; SQL [n/a]; constraint [policyholder_pkey]; nested exception is org.hibernate.exception.ConstraintViolationException: could not execute statement
2021-04-12 11:59:39,473 DEBUG com.cg.hims.loggeraspect.PolicyHolderLoggerAspect [http-nio-8081-exec-1] Entering method : com.cg.hims.controller.PolicyHolderController.updatePolicyHolder() with argument[s] = [32, PolicyHolder(policyHolderId=0, policyHolderName=null, creditCard=HDFC, dob=2021-04-16, occupation=Customer, annualIncome=0.0, isRetired=false, residenceType=group, city=VIJAYAWADA, state=Andhra Pradesh, zip=520010, residenceUse=20 years, user=null, agent=null, quote=null, property=null, policy=null)]
2021-04-12 11:59:39,476 WARN org.hibernate.engine.jdbc.spi.SqlExceptionHelper [http-nio-8081-exec-1] SQL Error: 0, SQLState: 23505
2021-04-12 11:59:39,476 ERROR org.hibernate.engine.jdbc.spi.SqlExceptionHelper [http-nio-8081-exec-1] ERROR: duplicate key value violates unique constraint "policyholder_pkey"
  Detail: Key (policy_holder_id)=(0) already exists.
2021-04-12 11:59:39,477 ERROR com.cg.hims.loggeraspect.PolicyHolderLoggerAspect [http-nio-8081-exec-1] Error in com.cg.hims.controller.PolicyHolderController.updatePolicyHolder()
2021-04-12 11:59:39,477 ERROR com.cg.hims.loggeraspect.PolicyHolderLoggerAspect [http-nio-8081-exec-1] could not execute statement; SQL [n/a]; constraint [policyholder_pkey]; nested exception is org.hibernate.exception.ConstraintViolationException: could not execute statement
2021-04-12 11:59:39,477 ERROR com.cg.hims.loggeraspect.PolicyHolderLoggerAspect [http-nio-8081-exec-1] could not execute statement; SQL [n/a]; constraint [policyholder_pkey]; nested exception is org.hibernate.exception.ConstraintViolationException: could not execute statement
2021-04-12 11:59:39,639 DEBUG com.cg.hims.loggeraspect.PolicyHolderLoggerAspect [http-nio-8081-exec-2] Entering method : com.cg.hims.controller.PolicyHolderController.updatePolicyHolder() with argument[s] = [32, PolicyHolder(policyHolderId=0, policyHolderName=null, creditCard=HDFC, dob=2021-04-16, occupation=Customer, annualIncome=0.0, isRetired=false, residenceType=group, city=VIJAYAWADA, state=Andhra Pradesh, zip=520010, residenceUse=20 years, user=null, agent=null, quote=null, property=null, policy=null)]
2021-04-12 11:59:39,642 WARN org.hibernate.engine.jdbc.spi.SqlExceptionHelper [http-nio-8081-exec-2] SQL Error: 0, SQLState: 23505
2021-04-12 11:59:39,642 ERROR org.hibernate.engine.jdbc.spi.SqlExceptionHelper [http-nio-8081-exec-2] ERROR: duplicate key value violates unique constraint "policyholder_pkey"
  Detail: Key (policy_holder_id)=(0) already exists.
2021-04-12 11:59:39,642 ERROR com.cg.hims.loggeraspect.PolicyHolderLoggerAspect [http-nio-8081-exec-2] Error in com.cg.hims.controller.PolicyHolderController.updatePolicyHolder()
2021-04-12 11:59:39,642 ERROR com.cg.hims.loggeraspect.PolicyHolderLoggerAspect [http-nio-8081-exec-2] could not execute statement; SQL [n/a]; constraint [policyholder_pkey]; nested exception is org.hibernate.exception.ConstraintViolationException: could not execute statement
2021-04-12 11:59:39,642 ERROR com.cg.hims.loggeraspect.PolicyHolderLoggerAspect [http-nio-8081-exec-2] could not execute statement; SQL [n/a]; constraint [policyholder_pkey]; nested exception is org.hibernate.exception.ConstraintViolationException: could not execute statement
2021-04-12 11:59:39,827 DEBUG com.cg.hims.loggeraspect.PolicyHolderLoggerAspect [http-nio-8081-exec-3] Entering method : com.cg.hims.controller.PolicyHolderController.updatePolicyHolder() with argument[s] = [32, PolicyHolder(policyHolderId=0, policyHolderName=null, creditCard=HDFC, dob=2021-04-16, occupation=Customer, annualIncome=0.0, isRetired=false, residenceType=group, city=VIJAYAWADA, state=Andhra Pradesh, zip=520010, residenceUse=20 years, user=null, agent=null, quote=null, property=null, policy=null)]
2021-04-12 11:59:39,831 WARN org.hibernate.engine.jdbc.spi.SqlExceptionHelper [http-nio-8081-exec-3] SQL Error: 0, SQLState: 23505
2021-04-12 11:59:39,831 ERROR org.hibernate.engine.jdbc.spi.SqlExceptionHelper [http-nio-8081-exec-3] ERROR: duplicate key value violates unique constraint "policyholder_pkey"
  Detail: Key (policy_holder_id)=(0) already exists.
2021-04-12 11:59:39,832 ERROR com.cg.hims.loggeraspect.PolicyHolderLoggerAspect [http-nio-8081-exec-3] Error in com.cg.hims.controller.PolicyHolderController.updatePolicyHolder()
2021-04-12 11:59:39,832 ERROR com.cg.hims.loggeraspect.PolicyHolderLoggerAspect [http-nio-8081-exec-3] could not execute statement; SQL [n/a]; constraint [policyholder_pkey]; nested exception is org.hibernate.exception.ConstraintViolationException: could not execute statement
2021-04-12 11:59:39,832 ERROR com.cg.hims.loggeraspect.PolicyHolderLoggerAspect [http-nio-8081-exec-3] could not execute statement; SQL [n/a]; constraint [policyholder_pkey]; nested exception is org.hibernate.exception.ConstraintViolationException: could not execute statement
2021-04-12 11:59:40,050 DEBUG com.cg.hims.loggeraspect.PolicyHolderLoggerAspect [http-nio-8081-exec-4] Entering method : com.cg.hims.controller.PolicyHolderController.updatePolicyHolder() with argument[s] = [32, PolicyHolder(policyHolderId=0, policyHolderName=null, creditCard=HDFC, dob=2021-04-16, occupation=Customer, annualIncome=0.0, isRetired=false, residenceType=group, city=VIJAYAWADA, state=Andhra Pradesh, zip=520010, residenceUse=20 years, user=null, agent=null, quote=null, property=null, policy=null)]
2021-04-12 11:59:40,054 WARN org.hibernate.engine.jdbc.spi.SqlExceptionHelper [http-nio-8081-exec-4] SQL Error: 0, SQLState: 23505
2021-04-12 11:59:40,054 ERROR org.hibernate.engine.jdbc.spi.SqlExceptionHelper [http-nio-8081-exec-4] ERROR: duplicate key value violates unique constraint "policyholder_pkey"
  Detail: Key (policy_holder_id)=(0) already exists.
2021-04-12 11:59:40,054 ERROR com.cg.hims.loggeraspect.PolicyHolderLoggerAspect [http-nio-8081-exec-4] Error in com.cg.hims.controller.PolicyHolderController.updatePolicyHolder()
2021-04-12 11:59:40,054 ERROR com.cg.hims.loggeraspect.PolicyHolderLoggerAspect [http-nio-8081-exec-4] could not execute statement; SQL [n/a]; constraint [policyholder_pkey]; nested exception is org.hibernate.exception.ConstraintViolationException: could not execute statement
2021-04-12 11:59:40,054 ERROR com.cg.hims.loggeraspect.PolicyHolderLoggerAspect [http-nio-8081-exec-4] could not execute statement; SQL [n/a]; constraint [policyholder_pkey]; nested exception is org.hibernate.exception.ConstraintViolationException: could not execute statement
2021-04-12 11:59:44,393 DEBUG com.cg.hims.loggeraspect.PolicyHolderLoggerAspect [http-nio-8081-exec-5] Entering method : com.cg.hims.controller.PolicyHolderController.updatePolicyHolder() with argument[s] = [32, PolicyHolder(policyHolderId=0, policyHolderName=null, creditCard=HDFC, dob=2021-04-16, occupation=Customer, annualIncome=0.0, isRetired=false, residenceType=group, city=VIJAYAWADA, state=Andhra Pradesh, zip=520010, residenceUse=20 years, user=null, agent=null, quote=null, property=null, policy=null)]
2021-04-12 11:59:44,396 WARN org.hibernate.engine.jdbc.spi.SqlExceptionHelper [http-nio-8081-exec-5] SQL Error: 0, SQLState: 23505
2021-04-12 11:59:44,396 ERROR org.hibernate.engine.jdbc.spi.SqlExceptionHelper [http-nio-8081-exec-5] ERROR: duplicate key value violates unique constraint "policyholder_pkey"
  Detail: Key (policy_holder_id)=(0) already exists.
2021-04-12 11:59:44,396 ERROR com.cg.hims.loggeraspect.PolicyHolderLoggerAspect [http-nio-8081-exec-5] Error in com.cg.hims.controller.PolicyHolderController.updatePolicyHolder()
2021-04-12 11:59:44,396 ERROR com.cg.hims.loggeraspect.PolicyHolderLoggerAspect [http-nio-8081-exec-5] could not execute statement; SQL [n/a]; constraint [policyholder_pkey]; nested exception is org.hibernate.exception.ConstraintViolationException: could not execute statement
2021-04-12 11:59:44,396 ERROR com.cg.hims.loggeraspect.PolicyHolderLoggerAspect [http-nio-8081-exec-5] could not execute statement; SQL [n/a]; constraint [policyholder_pkey]; nested exception is org.hibernate.exception.ConstraintViolationException: could not execute statement
2021-04-12 11:59:44,745 DEBUG com.cg.hims.loggeraspect.PolicyHolderLoggerAspect [http-nio-8081-exec-6] Entering method : com.cg.hims.controller.PolicyHolderController.updatePolicyHolder() with argument[s] = [32, PolicyHolder(policyHolderId=0, policyHolderName=null, creditCard=HDFC, dob=2021-04-16, occupation=Customer, annualIncome=0.0, isRetired=false, residenceType=group, city=VIJAYAWADA, state=Andhra Pradesh, zip=520010, residenceUse=20 years, user=null, agent=null, quote=null, property=null, policy=null)]
2021-04-12 11:59:44,747 WARN org.hibernate.engine.jdbc.spi.SqlExceptionHelper [http-nio-8081-exec-6] SQL Error: 0, SQLState: 23505
2021-04-12 11:59:44,747 ERROR org.hibernate.engine.jdbc.spi.SqlExceptionHelper [http-nio-8081-exec-6] ERROR: duplicate key value violates unique constraint "policyholder_pkey"
  Detail: Key (policy_holder_id)=(0) already exists.
2021-04-12 11:59:44,748 ERROR com.cg.hims.loggeraspect.PolicyHolderLoggerAspect [http-nio-8081-exec-6] Error in com.cg.hims.controller.PolicyHolderController.updatePolicyHolder()
2021-04-12 11:59:44,748 ERROR com.cg.hims.loggeraspect.PolicyHolderLoggerAspect [http-nio-8081-exec-6] could not execute statement; SQL [n/a]; constraint [policyholder_pkey]; nested exception is org.hibernate.exception.ConstraintViolationException: could not execute statement
2021-04-12 11:59:44,748 ERROR com.cg.hims.loggeraspect.PolicyHolderLoggerAspect [http-nio-8081-exec-6] could not execute statement; SQL [n/a]; constraint [policyholder_pkey]; nested exception is org.hibernate.exception.ConstraintViolationException: could not execute statement
2021-04-12 11:59:44,910 DEBUG com.cg.hims.loggeraspect.PolicyHolderLoggerAspect [http-nio-8081-exec-7] Entering method : com.cg.hims.controller.PolicyHolderController.updatePolicyHolder() with argument[s] = [32, PolicyHolder(policyHolderId=0, policyHolderName=null, creditCard=HDFC, dob=2021-04-16, occupation=Customer, annualIncome=0.0, isRetired=false, residenceType=group, city=VIJAYAWADA, state=Andhra Pradesh, zip=520010, residenceUse=20 years, user=null, agent=null, quote=null, property=null, policy=null)]
2021-04-12 11:59:44,912 WARN org.hibernate.engine.jdbc.spi.SqlExceptionHelper [http-nio-8081-exec-7] SQL Error: 0, SQLState: 23505
2021-04-12 11:59:44,912 ERROR org.hibernate.engine.jdbc.spi.SqlExceptionHelper [http-nio-8081-exec-7] ERROR: duplicate key value violates unique constraint "policyholder_pkey"
  Detail: Key (policy_holder_id)=(0) already exists.
2021-04-12 11:59:44,913 ERROR com.cg.hims.loggeraspect.PolicyHolderLoggerAspect [http-nio-8081-exec-7] Error in com.cg.hims.controller.PolicyHolderController.updatePolicyHolder()
2021-04-12 11:59:44,913 ERROR com.cg.hims.loggeraspect.PolicyHolderLoggerAspect [http-nio-8081-exec-7] could not execute statement; SQL [n/a]; constraint [policyholder_pkey]; nested exception is org.hibernate.exception.ConstraintViolationException: could not execute statement
2021-04-12 11:59:44,913 ERROR com.cg.hims.loggeraspect.PolicyHolderLoggerAspect [http-nio-8081-exec-7] could not execute statement; SQL [n/a]; constraint [policyholder_pkey]; nested exception is org.hibernate.exception.ConstraintViolationException: could not execute statement
2021-04-12 11:59:45,132 DEBUG com.cg.hims.loggeraspect.PolicyHolderLoggerAspect [http-nio-8081-exec-8] Entering method : com.cg.hims.controller.PolicyHolderController.updatePolicyHolder() with argument[s] = [32, PolicyHolder(policyHolderId=0, policyHolderName=null, creditCard=HDFC, dob=2021-04-16, occupation=Customer, annualIncome=0.0, isRetired=false, residenceType=group, city=VIJAYAWADA, state=Andhra Pradesh, zip=520010, residenceUse=20 years, user=null, agent=null, quote=null, property=null, policy=null)]
2021-04-12 11:59:45,136 WARN org.hibernate.engine.jdbc.spi.SqlExceptionHelper [http-nio-8081-exec-8] SQL Error: 0, SQLState: 23505
2021-04-12 11:59:45,136 ERROR org.hibernate.engine.jdbc.spi.SqlExceptionHelper [http-nio-8081-exec-8] ERROR: duplicate key value violates unique constraint "policyholder_pkey"
  Detail: Key (policy_holder_id)=(0) already exists.
2021-04-12 11:59:45,136 ERROR com.cg.hims.loggeraspect.PolicyHolderLoggerAspect [http-nio-8081-exec-8] Error in com.cg.hims.controller.PolicyHolderController.updatePolicyHolder()
2021-04-12 11:59:45,137 ERROR com.cg.hims.loggeraspect.PolicyHolderLoggerAspect [http-nio-8081-exec-8] could not execute statement; SQL [n/a]; constraint [policyholder_pkey]; nested exception is org.hibernate.exception.ConstraintViolationException: could not execute statement
2021-04-12 11:59:45,137 ERROR com.cg.hims.loggeraspect.PolicyHolderLoggerAspect [http-nio-8081-exec-8] could not execute statement; SQL [n/a]; constraint [policyholder_pkey]; nested exception is org.hibernate.exception.ConstraintViolationException: could not execute statement
2021-04-12 11:59:46,101 DEBUG com.cg.hims.loggeraspect.PolicyHolderLoggerAspect [http-nio-8081-exec-9] Entering method : com.cg.hims.controller.PolicyHolderController.getAllPolicyHolders() with argument[s] = []
2021-04-12 11:59:46,112 DEBUG com.cg.hims.loggeraspect.PolicyHolderLoggerAspect [http-nio-8081-exec-9] Exiting method: com.cg.hims.controller.PolicyHolderController.getAllPolicyHolders() with result = [FAILED toString()]
2021-04-12 11:59:50,051 DEBUG com.cg.hims.loggeraspect.PolicyHolderLoggerAspect [http-nio-8081-exec-10] Entering method : com.cg.hims.controller.PolicyHolderController.getAllPolicyHolders() with argument[s] = []
2021-04-12 11:59:50,067 DEBUG com.cg.hims.loggeraspect.PolicyHolderLoggerAspect [http-nio-8081-exec-10] Exiting method: com.cg.hims.controller.PolicyHolderController.getAllPolicyHolders() with result = [FAILED toString()]
2021-04-12 12:08:32,400 DEBUG com.cg.hims.loggeraspect.PolicyHolderLoggerAspect [http-nio-8081-exec-3] Entering method : com.cg.hims.controller.PolicyHolderController.getAllPolicyHolders() with argument[s] = []
2021-04-12 12:08:32,416 DEBUG com.cg.hims.loggeraspect.PolicyHolderLoggerAspect [http-nio-8081-exec-3] Exiting method: com.cg.hims.controller.PolicyHolderController.getAllPolicyHolders() with result = [FAILED toString()]
2021-04-12 12:08:37,763 DEBUG com.cg.hims.loggeraspect.PolicyHolderLoggerAspect [http-nio-8081-exec-5] Entering method : com.cg.hims.controller.PolicyHolderController.deletePolicyHolder() with argument[s] = [0]
2021-04-12 12:08:37,769 DEBUG com.cg.hims.loggeraspect.PolicyHolderLoggerAspect [http-nio-8081-exec-5] Exiting method: com.cg.hims.controller.PolicyHolderController.deletePolicyHolder() with result = <200 OK OK,PolicyHolder Deleted,[]>
2021-04-12 12:08:43,177 WARN org.springframework.web.servlet.PageNotFound [http-nio-8081-exec-6] No mapping for POST /springfox/hims/user/login/s/
2021-04-12 12:08:48,297 DEBUG com.cg.hims.loggeraspect.UserLoggerAspect [http-nio-8081-exec-7] Entering method : com.cg.hims.controller.LoginController.AuthenticateUser() with argument[s] = [ss, ss]
2021-04-12 12:08:48,301 DEBUG com.cg.hims.loggeraspect.UserLoggerAspect [http-nio-8081-exec-7] Exiting method: com.cg.hims.controller.LoginController.AuthenticateUser() with result = <200 OK OK,User doesn't exist,[]>
2021-04-12 12:08:48,339 DEBUG com.cg.hims.loggeraspect.PolicyHolderLoggerAspect [http-nio-8081-exec-8] Entering method : com.cg.hims.controller.PolicyHolderController.getAllPolicyHolders() with argument[s] = []
2021-04-12 12:08:48,356 DEBUG com.cg.hims.loggeraspect.PolicyHolderLoggerAspect [http-nio-8081-exec-8] Exiting method: com.cg.hims.controller.PolicyHolderController.getAllPolicyHolders() with result = [FAILED toString()]
2021-04-12 12:09:02,010 WARN org.springframework.web.servlet.PageNotFound [http-nio-8081-exec-9] No mapping for GET /springfox/api/employees/3
2021-04-12 12:09:08,015 WARN org.springframework.web.servlet.PageNotFound [http-nio-8081-exec-10] No mapping for GET /springfox/api/employees
2021-04-12 12:13:29,506 DEBUG com.cg.hims.loggeraspect.PolicyHolderLoggerAspect [http-nio-8081-exec-2] Entering method : com.cg.hims.controller.PolicyHolderController.viewPolicyHolder() with argument[s] = [33]
2021-04-12 12:13:29,514 DEBUG com.cg.hims.loggeraspect.PolicyHolderLoggerAspect [http-nio-8081-exec-2] Exiting method: com.cg.hims.controller.PolicyHolderController.viewPolicyHolder() with result = [FAILED toString()]
2021-04-12 12:13:54,716 DEBUG com.cg.hims.loggeraspect.PolicyHolderLoggerAspect [http-nio-8081-exec-4] Entering method : com.cg.hims.controller.PolicyHolderController.updatePolicyHolder() with argument[s] = [33, PolicyHolder(policyHolderId=33, policyHolderName=null, creditCard=HDFC, dob=2021-04-10, occupation=SA, annualIncome=0.0, isRetired=false, residenceType=Group, city=VIJAYAWADA, state=Andhra Pradesh, zip=520010, residenceUse=20 years, user=null, agent=null, quote=null, property=null, policy=null)]
2021-04-12 12:13:54,754 DEBUG com.cg.hims.loggeraspect.PolicyHolderLoggerAspect [http-nio-8081-exec-4] Exiting method: com.cg.hims.controller.PolicyHolderController.updatePolicyHolder() with result = <200 OK OK,PolicyHolder(policyHolderId=33, policyHolderName=null, creditCard=HDFC, dob=2021-04-10, occupation=SA, annualIncome=0.0, isRetired=false, residenceType=Group, city=VIJAYAWADA, state=Andhra Pradesh, zip=520010, residenceUse=20 years, user=null, agent=null, quote=null, property=null, policy=null),[]>
2021-04-12 12:13:54,795 DEBUG com.cg.hims.loggeraspect.PolicyHolderLoggerAspect [http-nio-8081-exec-5] Entering method : com.cg.hims.controller.PolicyHolderController.getAllPolicyHolders() with argument[s] = []
2021-04-12 12:13:54,809 DEBUG com.cg.hims.loggeraspect.PolicyHolderLoggerAspect [http-nio-8081-exec-5] Exiting method: com.cg.hims.controller.PolicyHolderController.getAllPolicyHolders() with result = [FAILED toString()]
2021-04-12 13:11:33,716 DEBUG com.cg.hims.loggeraspect.UserLoggerAspect [http-nio-8081-exec-3] Entering method : com.cg.hims.controller.LoginController.signup() with argument[s] = [User(userId=0, userName=djlucky, password=sdeftygf, firstName=Lucky, lastName=DJ, emailId=abc@gmail.com, contactNo=908087654, address=VIJ, role=policyholder, admin=null, agent=null, policyHolder=null)]
2021-04-12 13:11:33,763 DEBUG com.cg.hims.loggeraspect.UserLoggerAspect [http-nio-8081-exec-3] Exiting method: com.cg.hims.controller.LoginController.signup() with result = <200 OK OK,Added!,[]>
2021-04-12 13:11:53,079 DEBUG com.cg.hims.loggeraspect.UserLoggerAspect [http-nio-8081-exec-4] Entering method : com.cg.hims.controller.LoginController.signup() with argument[s] = [User(userId=0, userName=dj, password=sdeftygf, firstName=Lucky, lastName=DJ, emailId=abc@gmail.com, contactNo=908087654, address=VIJ, role=agent, admin=null, agent=null, policyHolder=null)]
2021-04-12 13:11:53,097 DEBUG com.cg.hims.loggeraspect.UserLoggerAspect [http-nio-8081-exec-4] Exiting method: com.cg.hims.controller.LoginController.signup() with result = <200 OK OK,Added!,[]>
2021-04-12 13:12:04,749 DEBUG com.cg.hims.loggeraspect.UserLoggerAspect [http-nio-8081-exec-5] Entering method : com.cg.hims.controller.LoginController.signup() with argument[s] = [User(userId=0, userName=lucky, password=sdeftygf, firstName=Lucky, lastName=DJ, emailId=abc@gmail.com, contactNo=908087654, address=VIJ, role=agent, admin=null, agent=null, policyHolder=null)]
2021-04-12 13:12:04,757 DEBUG com.cg.hims.loggeraspect.UserLoggerAspect [http-nio-8081-exec-5] Exiting method: com.cg.hims.controller.LoginController.signup() with result = <200 OK OK,Added!,[]>
2021-04-12 13:12:17,642 DEBUG com.cg.hims.loggeraspect.UserLoggerAspect [http-nio-8081-exec-6] Entering method : com.cg.hims.controller.LoginController.signup() with argument[s] = [User(userId=0, userName=KD, password=sdeftygf, firstName=Lucky, lastName=DJ, emailId=abc@gmail.com, contactNo=908087654, address=VIJ, role=admin, admin=null, agent=null, policyHolder=null)]
2021-04-12 13:12:17,662 DEBUG com.cg.hims.loggeraspect.UserLoggerAspect [http-nio-8081-exec-6] Exiting method: com.cg.hims.controller.LoginController.signup() with result = <200 OK OK,Added!,[]>
