2021-04-11 16:49:43,174 INFO com.cg.hims.application.HomeInsuranceManagementSystemApplication [restartedMain] Starting HomeInsuranceManagementSystemApplication using Java 1.8.0_281 on DJ with PID 25572 (C:\Users\divya\Desktop\HomeInsuranceSystem\Home-Insurance-Management-System\Home-Insurance-Management-System\target\classes started by DJ Koneru in C:\Users\divya\Desktop\HomeInsuranceSystem\Home-Insurance-Management-System\Home-Insurance-Management-System)
2021-04-11 16:49:43,184 DEBUG com.cg.hims.application.HomeInsuranceManagementSystemApplication [restartedMain] Running with Spring Boot v2.4.3, Spring v5.3.4
2021-04-11 16:49:43,186 INFO com.cg.hims.application.HomeInsuranceManagementSystemApplication [restartedMain] No active profile set, falling back to default profiles: default
2021-04-11 16:49:43,311 INFO org.springframework.boot.devtools.env.DevToolsPropertyDefaultsPostProcessor [restartedMain] Devtools property defaults active! Set 'spring.devtools.add-properties' to 'false' to disable
2021-04-11 16:49:43,311 INFO org.springframework.boot.devtools.env.DevToolsPropertyDefaultsPostProcessor [restartedMain] For additional web related logging consider setting the 'logging.level.web' property to 'DEBUG'
2021-04-11 16:49:44,355 INFO org.springframework.data.repository.config.RepositoryConfigurationDelegate [restartedMain] Bootstrapping Spring Data JPA repositories in DEFAULT mode.
2021-04-11 16:49:44,451 INFO org.springframework.data.repository.config.RepositoryConfigurationDelegate [restartedMain] Finished Spring Data repository scanning in 82 ms. Found 7 JPA repository interfaces.
2021-04-11 16:49:45,856 INFO org.springframework.boot.web.embedded.tomcat.TomcatWebServer [restartedMain] Tomcat initialized with port(s): 8081 (http)
2021-04-11 16:49:45,869 INFO org.apache.coyote.http11.Http11NioProtocol [restartedMain] Initializing ProtocolHandler ["http-nio-8081"]
2021-04-11 16:49:45,869 INFO org.apache.catalina.core.StandardService [restartedMain] Starting service [Tomcat]
2021-04-11 16:49:45,869 INFO org.apache.catalina.core.StandardEngine [restartedMain] Starting Servlet engine: [Apache Tomcat/9.0.43]
2021-04-11 16:49:45,970 INFO org.apache.catalina.core.ContainerBase.[Tomcat].[localhost].[/springfox] [restartedMain] Initializing Spring embedded WebApplicationContext
2021-04-11 16:49:45,971 INFO org.springframework.boot.web.servlet.context.ServletWebServerApplicationContext [restartedMain] Root WebApplicationContext: initialization completed in 2659 ms
2021-04-11 16:49:46,408 INFO org.hibernate.jpa.internal.util.LogHelper [restartedMain] HHH000204: Processing PersistenceUnitInfo [name: default]
2021-04-11 16:49:46,510 INFO org.hibernate.Version [restartedMain] HHH000412: Hibernate ORM core version 5.4.28.Final
2021-04-11 16:49:46,746 INFO org.hibernate.annotations.common.Version [restartedMain] HCANN000001: Hibernate Commons Annotations {5.1.2.Final}
2021-04-11 16:49:46,899 INFO com.zaxxer.hikari.HikariDataSource [restartedMain] HikariPool-1 - Starting...
2021-04-11 16:49:47,271 INFO com.zaxxer.hikari.HikariDataSource [restartedMain] HikariPool-1 - Start completed.
2021-04-11 16:49:47,331 INFO org.hibernate.dialect.Dialect [restartedMain] HHH000400: Using dialect: org.hibernate.dialect.PostgreSQL10Dialect
2021-04-11 16:49:48,888 INFO org.hibernate.engine.transaction.jta.platform.internal.JtaPlatformInitiator [restartedMain] HHH000490: Using JtaPlatform implementation: [org.hibernate.engine.transaction.jta.platform.internal.NoJtaPlatform]
2021-04-11 16:49:48,899 INFO org.springframework.orm.jpa.LocalContainerEntityManagerFactoryBean [restartedMain] Initialized JPA EntityManagerFactory for persistence unit 'default'
2021-04-11 16:49:48,912 INFO org.springframework.boot.devtools.autoconfigure.OptionalLiveReloadServer [restartedMain] LiveReload server is running on port 35729
2021-04-11 16:49:49,900 WARN org.springframework.boot.autoconfigure.orm.jpa.JpaBaseConfiguration$JpaWebConfiguration [restartedMain] spring.jpa.open-in-view is enabled by default. Therefore, database queries may be performed during view rendering. Explicitly configure spring.jpa.open-in-view to disable this warning
2021-04-11 16:49:50,172 INFO org.springframework.boot.actuate.endpoint.web.EndpointLinksResolver [restartedMain] Exposing 2 endpoint(s) beneath base path '/actuator'
2021-04-11 16:49:50,667 INFO org.apache.coyote.http11.Http11NioProtocol [restartedMain] Starting ProtocolHandler ["http-nio-8081"]
2021-04-11 16:49:50,688 INFO org.springframework.boot.web.embedded.tomcat.TomcatWebServer [restartedMain] Tomcat started on port(s): 8081 (http) with context path '/springfox'
2021-04-11 16:49:51,123 INFO com.cg.hims.application.HomeInsuranceManagementSystemApplication [restartedMain] Started HomeInsuranceManagementSystemApplication in 8.619 seconds (JVM running for 10.017)
2021-04-11 16:50:19,395 INFO org.apache.catalina.core.ContainerBase.[Tomcat].[localhost].[/springfox] [http-nio-8081-exec-1] Initializing Spring DispatcherServlet 'dispatcherServlet'
2021-04-11 16:50:19,395 INFO org.springframework.web.servlet.DispatcherServlet [http-nio-8081-exec-1] Initializing Servlet 'dispatcherServlet'
2021-04-11 16:50:19,397 INFO org.springframework.web.servlet.DispatcherServlet [http-nio-8081-exec-1] Completed initialization in 2 ms
2021-04-11 16:50:19,417 WARN org.springframework.web.servlet.PageNotFound [http-nio-8081-exec-1] No mapping for OPTIONS /springfox/api/employees
2021-04-11 16:50:20,728 WARN org.springframework.web.servlet.PageNotFound [http-nio-8081-exec-2] No mapping for OPTIONS /springfox/api/employees
2021-04-11 16:50:37,989 WARN org.springframework.web.servlet.PageNotFound [http-nio-8081-exec-3] No mapping for OPTIONS /springfox/api/employees
2021-04-11 16:50:38,826 WARN org.springframework.web.servlet.PageNotFound [http-nio-8081-exec-4] No mapping for OPTIONS /springfox/api/employees
2021-04-11 16:50:39,017 WARN org.springframework.web.servlet.PageNotFound [http-nio-8081-exec-5] No mapping for OPTIONS /springfox/api/employees
2021-04-11 16:50:39,276 WARN org.springframework.web.servlet.PageNotFound [http-nio-8081-exec-6] No mapping for OPTIONS /springfox/api/employees
2021-04-11 16:50:39,499 WARN org.springframework.web.servlet.PageNotFound [http-nio-8081-exec-7] No mapping for OPTIONS /springfox/api/employees
2021-04-11 16:50:39,719 WARN org.springframework.web.servlet.PageNotFound [http-nio-8081-exec-8] No mapping for OPTIONS /springfox/api/employees
2021-04-11 16:50:40,421 WARN org.springframework.web.servlet.PageNotFound [http-nio-8081-exec-9] No mapping for OPTIONS /springfox/api/employees
2021-04-11 16:52:54,641 WARN org.springframework.web.servlet.PageNotFound [http-nio-8081-exec-1] No mapping for OPTIONS /springfox/api/employees
2021-04-11 16:52:56,435 WARN org.springframework.web.servlet.PageNotFound [http-nio-8081-exec-2] No mapping for OPTIONS /springfox/api/employees
2021-04-11 16:52:56,632 WARN org.springframework.web.servlet.PageNotFound [http-nio-8081-exec-3] No mapping for OPTIONS /springfox/api/employees
2021-04-11 16:52:56,817 WARN org.springframework.web.servlet.PageNotFound [http-nio-8081-exec-4] No mapping for OPTIONS /springfox/api/employees
2021-04-11 16:52:57,044 WARN org.springframework.web.servlet.PageNotFound [http-nio-8081-exec-5] No mapping for OPTIONS /springfox/api/employees
2021-04-11 16:53:35,194 WARN org.springframework.web.servlet.PageNotFound [http-nio-8081-exec-6] No mapping for GET /springfox/api/employees
2021-04-11 16:53:37,081 WARN org.springframework.web.servlet.PageNotFound [http-nio-8081-exec-7] No mapping for GET /springfox/api/employees
2021-04-11 16:53:38,414 WARN org.springframework.web.servlet.PageNotFound [http-nio-8081-exec-8] No mapping for GET /springfox/api/employees
2021-04-11 16:53:41,278 WARN org.springframework.web.servlet.PageNotFound [http-nio-8081-exec-9] No mapping for GET /springfox/api/employees
2021-04-11 16:54:59,653 WARN org.springframework.web.servlet.PageNotFound [http-nio-8081-exec-1] No mapping for GET /springfox/api/employees
2021-04-11 16:55:07,109 WARN org.springframework.web.servlet.PageNotFound [http-nio-8081-exec-2] No mapping for GET /springfox/api/employees
2021-04-11 16:56:07,523 WARN org.springframework.web.servlet.PageNotFound [http-nio-8081-exec-3] No mapping for GET /springfox/api/employees
2021-04-11 16:56:21,174 WARN org.springframework.web.servlet.PageNotFound [http-nio-8081-exec-4] No mapping for OPTIONS /springfox/api/employees
2021-04-11 16:56:22,446 WARN org.springframework.web.servlet.PageNotFound [http-nio-8081-exec-5] No mapping for OPTIONS /springfox/api/employees
2021-04-11 16:56:22,618 WARN org.springframework.web.servlet.PageNotFound [http-nio-8081-exec-6] No mapping for OPTIONS /springfox/api/employees
2021-04-11 16:56:22,842 WARN org.springframework.web.servlet.PageNotFound [http-nio-8081-exec-7] No mapping for OPTIONS /springfox/api/employees
2021-04-11 16:58:47,525 WARN org.springframework.web.servlet.PageNotFound [http-nio-8081-exec-9] No mapping for GET /springfox/api/employees
2021-04-11 16:59:01,757 WARN org.springframework.web.servlet.PageNotFound [http-nio-8081-exec-10] No mapping for OPTIONS /springfox/api/employees
2021-04-11 16:59:02,936 WARN org.springframework.web.servlet.PageNotFound [http-nio-8081-exec-1] No mapping for OPTIONS /springfox/api/employees
2021-04-11 16:59:03,121 WARN org.springframework.web.servlet.PageNotFound [http-nio-8081-exec-2] No mapping for OPTIONS /springfox/api/employees
2021-04-11 16:59:03,347 WARN org.springframework.web.servlet.PageNotFound [http-nio-8081-exec-3] No mapping for OPTIONS /springfox/api/employees
2021-04-11 20:27:15,607 INFO com.cg.hims.application.HomeInsuranceManagementSystemApplication [restartedMain] Starting HomeInsuranceManagementSystemApplication using Java 1.8.0_281 on DJ with PID 36500 (C:\Users\divya\Desktop\HomeInsuranceSystem\Home-Insurance-Management-System\Home-Insurance-Management-System\target\classes started by DJ Koneru in C:\Users\divya\Desktop\HomeInsuranceSystem\Home-Insurance-Management-System\Home-Insurance-Management-System)
2021-04-11 20:27:15,610 DEBUG com.cg.hims.application.HomeInsuranceManagementSystemApplication [restartedMain] Running with Spring Boot v2.4.3, Spring v5.3.4
2021-04-11 20:27:15,611 INFO com.cg.hims.application.HomeInsuranceManagementSystemApplication [restartedMain] No active profile set, falling back to default profiles: default
2021-04-11 20:27:15,720 INFO org.springframework.boot.devtools.env.DevToolsPropertyDefaultsPostProcessor [restartedMain] Devtools property defaults active! Set 'spring.devtools.add-properties' to 'false' to disable
2021-04-11 20:27:15,721 INFO org.springframework.boot.devtools.env.DevToolsPropertyDefaultsPostProcessor [restartedMain] For additional web related logging consider setting the 'logging.level.web' property to 'DEBUG'
2021-04-11 20:27:17,339 INFO org.springframework.data.repository.config.RepositoryConfigurationDelegate [restartedMain] Bootstrapping Spring Data JPA repositories in DEFAULT mode.
2021-04-11 20:27:17,460 INFO org.springframework.data.repository.config.RepositoryConfigurationDelegate [restartedMain] Finished Spring Data repository scanning in 106 ms. Found 7 JPA repository interfaces.
2021-04-11 20:27:19,715 INFO org.springframework.boot.web.embedded.tomcat.TomcatWebServer [restartedMain] Tomcat initialized with port(s): 8081 (http)
2021-04-11 20:27:19,735 INFO org.apache.coyote.http11.Http11NioProtocol [restartedMain] Initializing ProtocolHandler ["http-nio-8081"]
2021-04-11 20:27:19,737 INFO org.apache.catalina.core.StandardService [restartedMain] Starting service [Tomcat]
2021-04-11 20:27:19,737 INFO org.apache.catalina.core.StandardEngine [restartedMain] Starting Servlet engine: [Apache Tomcat/9.0.43]
2021-04-11 20:27:19,896 INFO org.apache.catalina.core.ContainerBase.[Tomcat].[localhost].[/springfox] [restartedMain] Initializing Spring embedded WebApplicationContext
2021-04-11 20:27:19,897 INFO org.springframework.boot.web.servlet.context.ServletWebServerApplicationContext [restartedMain] Root WebApplicationContext: initialization completed in 4175 ms
2021-04-11 20:27:20,617 INFO org.hibernate.jpa.internal.util.LogHelper [restartedMain] HHH000204: Processing PersistenceUnitInfo [name: default]
2021-04-11 20:27:20,771 INFO org.hibernate.Version [restartedMain] HHH000412: Hibernate ORM core version 5.4.28.Final
2021-04-11 20:27:21,251 INFO org.hibernate.annotations.common.Version [restartedMain] HCANN000001: Hibernate Commons Annotations {5.1.2.Final}
2021-04-11 20:27:21,589 INFO com.zaxxer.hikari.HikariDataSource [restartedMain] HikariPool-1 - Starting...
2021-04-11 20:27:22,579 INFO com.zaxxer.hikari.HikariDataSource [restartedMain] HikariPool-1 - Start completed.
2021-04-11 20:27:22,680 INFO org.hibernate.dialect.Dialect [restartedMain] HHH000400: Using dialect: org.hibernate.dialect.PostgreSQL10Dialect
2021-04-11 20:27:25,373 INFO org.hibernate.engine.transaction.jta.platform.internal.JtaPlatformInitiator [restartedMain] HHH000490: Using JtaPlatform implementation: [org.hibernate.engine.transaction.jta.platform.internal.NoJtaPlatform]
2021-04-11 20:27:25,400 INFO org.springframework.orm.jpa.LocalContainerEntityManagerFactoryBean [restartedMain] Initialized JPA EntityManagerFactory for persistence unit 'default'
2021-04-11 20:27:25,430 INFO org.springframework.boot.devtools.autoconfigure.OptionalLiveReloadServer [restartedMain] LiveReload server is running on port 35729
2021-04-11 20:27:27,705 WARN org.springframework.boot.autoconfigure.orm.jpa.JpaBaseConfiguration$JpaWebConfiguration [restartedMain] spring.jpa.open-in-view is enabled by default. Therefore, database queries may be performed during view rendering. Explicitly configure spring.jpa.open-in-view to disable this warning
2021-04-11 20:27:28,266 INFO org.springframework.boot.actuate.endpoint.web.EndpointLinksResolver [restartedMain] Exposing 2 endpoint(s) beneath base path '/actuator'
2021-04-11 20:27:29,189 INFO org.apache.coyote.http11.Http11NioProtocol [restartedMain] Starting ProtocolHandler ["http-nio-8081"]
2021-04-11 20:27:29,246 INFO org.springframework.boot.web.embedded.tomcat.TomcatWebServer [restartedMain] Tomcat started on port(s): 8081 (http) with context path '/springfox'
2021-04-11 20:27:30,194 INFO com.cg.hims.application.HomeInsuranceManagementSystemApplication [restartedMain] Started HomeInsuranceManagementSystemApplication in 15.183 seconds (JVM running for 16.304)
2021-04-11 20:28:30,323 INFO org.apache.catalina.core.ContainerBase.[Tomcat].[localhost].[/springfox] [http-nio-8081-exec-1] Initializing Spring DispatcherServlet 'dispatcherServlet'
2021-04-11 20:28:30,323 INFO org.springframework.web.servlet.DispatcherServlet [http-nio-8081-exec-1] Initializing Servlet 'dispatcherServlet'
2021-04-11 20:28:30,325 INFO org.springframework.web.servlet.DispatcherServlet [http-nio-8081-exec-1] Completed initialization in 2 ms
2021-04-11 20:28:30,372 WARN org.springframework.web.servlet.PageNotFound [http-nio-8081-exec-1] Request method 'POST' not supported
2021-04-11 20:28:33,871 WARN org.springframework.web.servlet.PageNotFound [http-nio-8081-exec-2] Request method 'POST' not supported
2021-04-11 20:28:35,943 WARN org.springframework.web.servlet.PageNotFound [http-nio-8081-exec-3] Request method 'POST' not supported
2021-04-11 20:28:36,127 WARN org.springframework.web.servlet.PageNotFound [http-nio-8081-exec-4] Request method 'POST' not supported
2021-04-11 20:28:36,395 WARN org.springframework.web.servlet.PageNotFound [http-nio-8081-exec-5] Request method 'POST' not supported
2021-04-11 20:31:52,867 INFO org.springframework.orm.jpa.LocalContainerEntityManagerFactoryBean [Thread-6] Closing JPA EntityManagerFactory for persistence unit 'default'
2021-04-11 20:31:52,872 INFO com.zaxxer.hikari.HikariDataSource [Thread-6] HikariPool-1 - Shutdown initiated...
2021-04-11 20:31:52,877 INFO com.zaxxer.hikari.HikariDataSource [Thread-6] HikariPool-1 - Shutdown completed.
2021-04-11 20:31:53,041 INFO com.cg.hims.application.HomeInsuranceManagementSystemApplication [restartedMain] Starting HomeInsuranceManagementSystemApplication using Java 1.8.0_281 on DJ with PID 36500 (C:\Users\divya\Desktop\HomeInsuranceSystem\Home-Insurance-Management-System\Home-Insurance-Management-System\target\classes started by DJ Koneru in C:\Users\divya\Desktop\HomeInsuranceSystem\Home-Insurance-Management-System\Home-Insurance-Management-System)
2021-04-11 20:31:53,042 DEBUG com.cg.hims.application.HomeInsuranceManagementSystemApplication [restartedMain] Running with Spring Boot v2.4.3, Spring v5.3.4
2021-04-11 20:31:53,042 INFO com.cg.hims.application.HomeInsuranceManagementSystemApplication [restartedMain] No active profile set, falling back to default profiles: default
2021-04-11 20:31:53,515 INFO org.springframework.data.repository.config.RepositoryConfigurationDelegate [restartedMain] Bootstrapping Spring Data JPA repositories in DEFAULT mode.
2021-04-11 20:31:53,553 INFO org.springframework.data.repository.config.RepositoryConfigurationDelegate [restartedMain] Finished Spring Data repository scanning in 37 ms. Found 7 JPA repository interfaces.
2021-04-11 20:31:54,204 ERROR org.springframework.boot.SpringApplication [restartedMain] Application run failed
java.lang.IllegalStateException: Cannot load configuration class: com.cg.hims.service.PolicyHolderServiceImpl
	at org.springframework.context.annotation.ConfigurationClassPostProcessor.enhanceConfigurationClasses(ConfigurationClassPostProcessor.java:406)
	at org.springframework.context.annotation.ConfigurationClassPostProcessor.postProcessBeanFactory(ConfigurationClassPostProcessor.java:267)
	at org.springframework.context.support.PostProcessorRegistrationDelegate.invokeBeanFactoryPostProcessors(PostProcessorRegistrationDelegate.java:325)
	at org.springframework.context.support.PostProcessorRegistrationDelegate.invokeBeanFactoryPostProcessors(PostProcessorRegistrationDelegate.java:147)
	at org.springframework.context.support.AbstractApplicationContext.invokeBeanFactoryPostProcessors(AbstractApplicationContext.java:745)
	at org.springframework.context.support.AbstractApplicationContext.refresh(AbstractApplicationContext.java:563)
	at org.springframework.boot.web.servlet.context.ServletWebServerApplicationContext.refresh(ServletWebServerApplicationContext.java:144)
	at org.springframework.boot.SpringApplication.refresh(SpringApplication.java:767)
	at org.springframework.boot.SpringApplication.refresh(SpringApplication.java:759)
	at org.springframework.boot.SpringApplication.refreshContext(SpringApplication.java:426)
	at org.springframework.boot.SpringApplication.run(SpringApplication.java:326)
	at org.springframework.boot.SpringApplication.run(SpringApplication.java:1311)
	at org.springframework.boot.SpringApplication.run(SpringApplication.java:1300)
	at com.cg.hims.application.HomeInsuranceManagementSystemApplication.main(HomeInsuranceManagementSystemApplication.java:22)
	at sun.reflect.NativeMethodAccessorImpl.invoke0(Native Method)
	at sun.reflect.NativeMethodAccessorImpl.invoke(NativeMethodAccessorImpl.java:62)
	at sun.reflect.DelegatingMethodAccessorImpl.invoke(DelegatingMethodAccessorImpl.java:43)
	at java.lang.reflect.Method.invoke(Method.java:498)
	at org.springframework.boot.devtools.restart.RestartLauncher.run(RestartLauncher.java:49)
Caused by: java.lang.ClassFormatError: Duplicate method name "showAllPolicyHolders" with signature "()LList;" in class file com/cg/hims/service/PolicyHolderServiceImpl
	at java.lang.ClassLoader.defineClass1(Native Method)
	at java.lang.ClassLoader.defineClass(ClassLoader.java:756)
	at java.security.SecureClassLoader.defineClass(SecureClassLoader.java:142)
	at java.net.URLClassLoader.defineClass(URLClassLoader.java:468)
	at java.net.URLClassLoader.access$100(URLClassLoader.java:74)
	at java.net.URLClassLoader$1.run(URLClassLoader.java:369)
	at java.net.URLClassLoader$1.run(URLClassLoader.java:363)
	at java.security.AccessController.doPrivileged(Native Method)
	at java.net.URLClassLoader.findClass(URLClassLoader.java:362)
	at org.springframework.boot.devtools.restart.classloader.RestartClassLoader.findClass(RestartClassLoader.java:160)
	at org.springframework.boot.devtools.restart.classloader.RestartClassLoader.loadClass(RestartClassLoader.java:142)
	at java.lang.ClassLoader.loadClass(ClassLoader.java:351)
	at java.lang.Class.forName0(Native Method)
	at java.lang.Class.forName(Class.java:348)
	at org.springframework.util.ClassUtils.forName(ClassUtils.java:284)
	at org.springframework.beans.factory.support.AbstractBeanDefinition.resolveBeanClass(AbstractBeanDefinition.java:469)
	at org.springframework.context.annotation.ConfigurationClassPostProcessor.enhanceConfigurationClasses(ConfigurationClassPostProcessor.java:402)
	... 18 common frames omitted
2021-04-11 20:31:54,208 WARN org.springframework.boot.SpringApplication [restartedMain] Unable to close ApplicationContext
org.springframework.beans.factory.CannotLoadBeanClassException: Error loading class [com.cg.hims.service.PolicyHolderServiceImpl] for bean with name 'policyHolderServiceImpl' defined in file [C:\Users\divya\Desktop\HomeInsuranceSystem\Home-Insurance-Management-System\Home-Insurance-Management-System\target\classes\com\cg\hims\service\PolicyHolderServiceImpl.class]: problem with class file or dependent class; nested exception is java.lang.ClassFormatError: Duplicate method name "showAllPolicyHolders" with signature "()LList;" in class file com/cg/hims/service/PolicyHolderServiceImpl
	at org.springframework.beans.factory.support.AbstractBeanFactory.resolveBeanClass(AbstractBeanFactory.java:1545)
	at org.springframework.beans.factory.support.AbstractAutowireCapableBeanFactory.determineTargetType(AbstractAutowireCapableBeanFactory.java:686)
	at org.springframework.beans.factory.support.AbstractAutowireCapableBeanFactory.predictBeanType(AbstractAutowireCapableBeanFactory.java:656)
	at org.springframework.beans.factory.support.AbstractBeanFactory.isFactoryBean(AbstractBeanFactory.java:1670)
	at org.springframework.beans.factory.support.DefaultListableBeanFactory.doGetBeanNamesForType(DefaultListableBeanFactory.java:570)
	at org.springframework.beans.factory.support.DefaultListableBeanFactory.getBeanNamesForType(DefaultListableBeanFactory.java:542)
	at org.springframework.beans.factory.support.DefaultListableBeanFactory.getBeansOfType(DefaultListableBeanFactory.java:667)
	at org.springframework.beans.factory.support.DefaultListableBeanFactory.getBeansOfType(DefaultListableBeanFactory.java:659)
	at org.springframework.context.support.AbstractApplicationContext.getBeansOfType(AbstractApplicationContext.java:1299)
	at org.springframework.boot.SpringApplication.getExitCodeFromMappedException(SpringApplication.java:899)
	at org.springframework.boot.SpringApplication.getExitCodeFromException(SpringApplication.java:887)
	at org.springframework.boot.SpringApplication.handleExitCode(SpringApplication.java:874)
	at org.springframework.boot.SpringApplication.handleRunFailure(SpringApplication.java:815)
	at org.springframework.boot.SpringApplication.run(SpringApplication.java:336)
	at org.springframework.boot.SpringApplication.run(SpringApplication.java:1311)
	at org.springframework.boot.SpringApplication.run(SpringApplication.java:1300)
	at com.cg.hims.application.HomeInsuranceManagementSystemApplication.main(HomeInsuranceManagementSystemApplication.java:22)
	at sun.reflect.NativeMethodAccessorImpl.invoke0(Native Method)
	at sun.reflect.NativeMethodAccessorImpl.invoke(NativeMethodAccessorImpl.java:62)
	at sun.reflect.DelegatingMethodAccessorImpl.invoke(DelegatingMethodAccessorImpl.java:43)
	at java.lang.reflect.Method.invoke(Method.java:498)
	at org.springframework.boot.devtools.restart.RestartLauncher.run(RestartLauncher.java:49)
Caused by: java.lang.ClassFormatError: Duplicate method name "showAllPolicyHolders" with signature "()LList;" in class file com/cg/hims/service/PolicyHolderServiceImpl
	at java.lang.ClassLoader.defineClass1(Native Method)
	at java.lang.ClassLoader.defineClass(ClassLoader.java:756)
	at java.security.SecureClassLoader.defineClass(SecureClassLoader.java:142)
	at java.net.URLClassLoader.defineClass(URLClassLoader.java:468)
	at java.net.URLClassLoader.access$100(URLClassLoader.java:74)
	at java.net.URLClassLoader$1.run(URLClassLoader.java:369)
	at java.net.URLClassLoader$1.run(URLClassLoader.java:363)
	at java.security.AccessController.doPrivileged(Native Method)
	at java.net.URLClassLoader.findClass(URLClassLoader.java:362)
	at org.springframework.boot.devtools.restart.classloader.RestartClassLoader.findClass(RestartClassLoader.java:160)
	at org.springframework.boot.devtools.restart.classloader.RestartClassLoader.loadClass(RestartClassLoader.java:142)
	at java.lang.ClassLoader.loadClass(ClassLoader.java:351)
	at java.lang.Class.forName0(Native Method)
	at java.lang.Class.forName(Class.java:348)
	at org.springframework.util.ClassUtils.forName(ClassUtils.java:284)
	at org.springframework.beans.factory.support.AbstractBeanDefinition.resolveBeanClass(AbstractBeanDefinition.java:469)
	at org.springframework.beans.factory.support.AbstractBeanFactory.doResolveBeanClass(AbstractBeanFactory.java:1607)
	at org.springframework.beans.factory.support.AbstractBeanFactory.resolveBeanClass(AbstractBeanFactory.java:1534)
	... 21 common frames omitted
2021-04-11 20:32:12,187 INFO org.springframework.boot.devtools.env.DevToolsPropertyDefaultsPostProcessor [restartedMain] Devtools property defaults active! Set 'spring.devtools.add-properties' to 'false' to disable
2021-04-11 20:32:12,188 INFO org.springframework.boot.devtools.env.DevToolsPropertyDefaultsPostProcessor [restartedMain] For additional web related logging consider setting the 'logging.level.web' property to 'DEBUG'
2021-04-11 20:32:12,200 INFO com.cg.hims.application.HomeInsuranceManagementSystemApplication [restartedMain] Starting HomeInsuranceManagementSystemApplication using Java 1.8.0_281 on DJ with PID 36500 (C:\Users\divya\Desktop\HomeInsuranceSystem\Home-Insurance-Management-System\Home-Insurance-Management-System\target\classes started by DJ Koneru in C:\Users\divya\Desktop\HomeInsuranceSystem\Home-Insurance-Management-System\Home-Insurance-Management-System)
2021-04-11 20:32:12,201 DEBUG com.cg.hims.application.HomeInsuranceManagementSystemApplication [restartedMain] Running with Spring Boot v2.4.3, Spring v5.3.4
2021-04-11 20:32:12,201 INFO com.cg.hims.application.HomeInsuranceManagementSystemApplication [restartedMain] No active profile set, falling back to default profiles: default
2021-04-11 20:32:12,618 INFO org.springframework.data.repository.config.RepositoryConfigurationDelegate [restartedMain] Bootstrapping Spring Data JPA repositories in DEFAULT mode.
2021-04-11 20:32:12,637 INFO org.springframework.data.repository.config.RepositoryConfigurationDelegate [restartedMain] Finished Spring Data repository scanning in 18 ms. Found 7 JPA repository interfaces.
2021-04-11 20:32:12,905 INFO org.springframework.boot.web.embedded.tomcat.TomcatWebServer [restartedMain] Tomcat initialized with port(s): 8081 (http)
2021-04-11 20:32:12,905 INFO org.apache.coyote.http11.Http11NioProtocol [restartedMain] Initializing ProtocolHandler ["http-nio-8081"]
2021-04-11 20:32:12,906 INFO org.apache.catalina.core.StandardService [restartedMain] Starting service [Tomcat]
2021-04-11 20:32:12,906 INFO org.apache.catalina.core.StandardEngine [restartedMain] Starting Servlet engine: [Apache Tomcat/9.0.43]
2021-04-11 20:32:12,922 INFO org.apache.catalina.core.ContainerBase.[Tomcat].[localhost].[/springfox] [restartedMain] Initializing Spring embedded WebApplicationContext
2021-04-11 20:32:12,924 INFO org.springframework.boot.web.servlet.context.ServletWebServerApplicationContext [restartedMain] Root WebApplicationContext: initialization completed in 720 ms
2021-04-11 20:32:12,980 INFO org.hibernate.jpa.internal.util.LogHelper [restartedMain] HHH000204: Processing PersistenceUnitInfo [name: default]
2021-04-11 20:32:12,985 INFO com.zaxxer.hikari.HikariDataSource [restartedMain] HikariPool-2 - Starting...
2021-04-11 20:32:13,022 INFO com.zaxxer.hikari.HikariDataSource [restartedMain] HikariPool-2 - Start completed.
2021-04-11 20:32:13,023 INFO org.hibernate.dialect.Dialect [restartedMain] HHH000400: Using dialect: org.hibernate.dialect.PostgreSQL10Dialect
2021-04-11 20:32:13,525 INFO org.hibernate.engine.transaction.jta.platform.internal.JtaPlatformInitiator [restartedMain] HHH000490: Using JtaPlatform implementation: [org.hibernate.engine.transaction.jta.platform.internal.NoJtaPlatform]
2021-04-11 20:32:13,525 INFO org.springframework.orm.jpa.LocalContainerEntityManagerFactoryBean [restartedMain] Initialized JPA EntityManagerFactory for persistence unit 'default'
2021-04-11 20:32:13,530 INFO org.springframework.boot.devtools.autoconfigure.OptionalLiveReloadServer [restartedMain] LiveReload server is running on port 35729
2021-04-11 20:32:13,761 WARN org.springframework.boot.autoconfigure.orm.jpa.JpaBaseConfiguration$JpaWebConfiguration [restartedMain] spring.jpa.open-in-view is enabled by default. Therefore, database queries may be performed during view rendering. Explicitly configure spring.jpa.open-in-view to disable this warning
2021-04-11 20:32:13,818 INFO org.springframework.boot.actuate.endpoint.web.EndpointLinksResolver [restartedMain] Exposing 2 endpoint(s) beneath base path '/actuator'
2021-04-11 20:32:13,942 INFO org.apache.coyote.http11.Http11NioProtocol [restartedMain] Starting ProtocolHandler ["http-nio-8081"]
2021-04-11 20:32:13,946 INFO org.springframework.boot.web.embedded.tomcat.TomcatWebServer [restartedMain] Tomcat started on port(s): 8081 (http) with context path '/springfox'
2021-04-11 20:32:14,114 INFO com.cg.hims.application.HomeInsuranceManagementSystemApplication [restartedMain] Started HomeInsuranceManagementSystemApplication in 1.956 seconds (JVM running for 300.224)
2021-04-11 20:32:14,117 INFO org.springframework.boot.devtools.autoconfigure.ConditionEvaluationDeltaLoggingListener [restartedMain] Condition evaluation unchanged
2021-04-11 20:32:59,651 INFO org.springframework.orm.jpa.LocalContainerEntityManagerFactoryBean [Thread-10] Closing JPA EntityManagerFactory for persistence unit 'default'
2021-04-11 20:32:59,652 INFO com.zaxxer.hikari.HikariDataSource [Thread-10] HikariPool-2 - Shutdown initiated...
2021-04-11 20:32:59,657 INFO com.zaxxer.hikari.HikariDataSource [Thread-10] HikariPool-2 - Shutdown completed.
2021-04-11 20:32:59,856 INFO com.cg.hims.application.HomeInsuranceManagementSystemApplication [restartedMain] Starting HomeInsuranceManagementSystemApplication using Java 1.8.0_281 on DJ with PID 36500 (C:\Users\divya\Desktop\HomeInsuranceSystem\Home-Insurance-Management-System\Home-Insurance-Management-System\target\classes started by DJ Koneru in C:\Users\divya\Desktop\HomeInsuranceSystem\Home-Insurance-Management-System\Home-Insurance-Management-System)
2021-04-11 20:32:59,857 DEBUG com.cg.hims.application.HomeInsuranceManagementSystemApplication [restartedMain] Running with Spring Boot v2.4.3, Spring v5.3.4
2021-04-11 20:32:59,857 INFO com.cg.hims.application.HomeInsuranceManagementSystemApplication [restartedMain] No active profile set, falling back to default profiles: default
2021-04-11 20:33:00,251 INFO org.springframework.data.repository.config.RepositoryConfigurationDelegate [restartedMain] Bootstrapping Spring Data JPA repositories in DEFAULT mode.
2021-04-11 20:33:00,344 INFO org.springframework.data.repository.config.RepositoryConfigurationDelegate [restartedMain] Finished Spring Data repository scanning in 93 ms. Found 7 JPA repository interfaces.
2021-04-11 20:33:00,535 INFO org.springframework.boot.web.embedded.tomcat.TomcatWebServer [restartedMain] Tomcat initialized with port(s): 8081 (http)
2021-04-11 20:33:00,536 INFO org.apache.coyote.http11.Http11NioProtocol [restartedMain] Initializing ProtocolHandler ["http-nio-8081"]
2021-04-11 20:33:00,536 INFO org.apache.catalina.core.StandardService [restartedMain] Starting service [Tomcat]
2021-04-11 20:33:00,536 INFO org.apache.catalina.core.StandardEngine [restartedMain] Starting Servlet engine: [Apache Tomcat/9.0.43]
2021-04-11 20:33:00,550 INFO org.apache.catalina.core.ContainerBase.[Tomcat].[localhost].[/springfox] [restartedMain] Initializing Spring embedded WebApplicationContext
2021-04-11 20:33:00,550 INFO org.springframework.boot.web.servlet.context.ServletWebServerApplicationContext [restartedMain] Root WebApplicationContext: initialization completed in 689 ms
2021-04-11 20:33:00,610 INFO org.hibernate.jpa.internal.util.LogHelper [restartedMain] HHH000204: Processing PersistenceUnitInfo [name: default]
2021-04-11 20:33:00,615 INFO com.zaxxer.hikari.HikariDataSource [restartedMain] HikariPool-3 - Starting...
2021-04-11 20:33:00,772 INFO com.zaxxer.hikari.HikariDataSource [restartedMain] HikariPool-3 - Start completed.
2021-04-11 20:33:00,773 INFO org.hibernate.dialect.Dialect [restartedMain] HHH000400: Using dialect: org.hibernate.dialect.PostgreSQL10Dialect
2021-04-11 20:33:01,154 INFO org.hibernate.engine.transaction.jta.platform.internal.JtaPlatformInitiator [restartedMain] HHH000490: Using JtaPlatform implementation: [org.hibernate.engine.transaction.jta.platform.internal.NoJtaPlatform]
2021-04-11 20:33:01,155 INFO org.springframework.orm.jpa.LocalContainerEntityManagerFactoryBean [restartedMain] Initialized JPA EntityManagerFactory for persistence unit 'default'
2021-04-11 20:33:01,161 INFO org.springframework.boot.devtools.autoconfigure.OptionalLiveReloadServer [restartedMain] LiveReload server is running on port 35729
2021-04-11 20:33:01,431 WARN org.springframework.boot.autoconfigure.orm.jpa.JpaBaseConfiguration$JpaWebConfiguration [restartedMain] spring.jpa.open-in-view is enabled by default. Therefore, database queries may be performed during view rendering. Explicitly configure spring.jpa.open-in-view to disable this warning
2021-04-11 20:33:01,496 INFO org.springframework.boot.actuate.endpoint.web.EndpointLinksResolver [restartedMain] Exposing 2 endpoint(s) beneath base path '/actuator'
2021-04-11 20:33:01,638 INFO org.apache.coyote.http11.Http11NioProtocol [restartedMain] Starting ProtocolHandler ["http-nio-8081"]
2021-04-11 20:33:01,642 INFO org.springframework.boot.web.embedded.tomcat.TomcatWebServer [restartedMain] Tomcat started on port(s): 8081 (http) with context path '/springfox'
2021-04-11 20:33:01,819 INFO com.cg.hims.application.HomeInsuranceManagementSystemApplication [restartedMain] Started HomeInsuranceManagementSystemApplication in 1.987 seconds (JVM running for 347.929)
2021-04-11 20:33:01,820 INFO org.springframework.boot.devtools.autoconfigure.ConditionEvaluationDeltaLoggingListener [restartedMain] Condition evaluation unchanged
2021-04-11 20:33:03,819 INFO org.apache.catalina.core.ContainerBase.[Tomcat].[localhost].[/springfox] [http-nio-8081-exec-1] Initializing Spring DispatcherServlet 'dispatcherServlet'
2021-04-11 20:33:03,820 INFO org.springframework.web.servlet.DispatcherServlet [http-nio-8081-exec-1] Initializing Servlet 'dispatcherServlet'
2021-04-11 20:33:03,821 INFO org.springframework.web.servlet.DispatcherServlet [http-nio-8081-exec-1] Completed initialization in 1 ms
2021-04-11 20:33:03,823 WARN org.springframework.web.servlet.PageNotFound [http-nio-8081-exec-1] Request method 'POST' not supported
2021-04-11 20:33:05,688 WARN org.springframework.web.servlet.PageNotFound [http-nio-8081-exec-2] Request method 'POST' not supported
2021-04-11 20:36:17,859 WARN org.springframework.web.servlet.PageNotFound [http-nio-8081-exec-4] Request method 'POST' not supported
2021-04-11 20:36:21,096 WARN org.springframework.web.servlet.PageNotFound [http-nio-8081-exec-5] Request method 'POST' not supported
2021-04-11 20:39:02,077 WARN org.springframework.web.servlet.PageNotFound [http-nio-8081-exec-7] Request method 'POST' not supported
2021-04-11 20:39:18,883 WARN org.springframework.web.servlet.PageNotFound [http-nio-8081-exec-8] Request method 'POST' not supported
2021-04-11 20:42:46,106 INFO com.cg.hims.application.HomeInsuranceManagementSystemApplication [restartedMain] Starting HomeInsuranceManagementSystemApplication using Java 1.8.0_281 on DJ with PID 30500 (C:\Users\divya\Desktop\HomeInsuranceSystem\Home-Insurance-Management-System\Home-Insurance-Management-System\target\classes started by DJ Koneru in C:\Users\divya\Desktop\HomeInsuranceSystem\Home-Insurance-Management-System\Home-Insurance-Management-System)
2021-04-11 20:42:46,108 DEBUG com.cg.hims.application.HomeInsuranceManagementSystemApplication [restartedMain] Running with Spring Boot v2.4.3, Spring v5.3.4
2021-04-11 20:42:46,108 INFO com.cg.hims.application.HomeInsuranceManagementSystemApplication [restartedMain] No active profile set, falling back to default profiles: default
2021-04-11 20:42:46,166 INFO org.springframework.boot.devtools.env.DevToolsPropertyDefaultsPostProcessor [restartedMain] Devtools property defaults active! Set 'spring.devtools.add-properties' to 'false' to disable
2021-04-11 20:42:46,166 INFO org.springframework.boot.devtools.env.DevToolsPropertyDefaultsPostProcessor [restartedMain] For additional web related logging consider setting the 'logging.level.web' property to 'DEBUG'
2021-04-11 20:42:46,919 INFO org.springframework.data.repository.config.RepositoryConfigurationDelegate [restartedMain] Bootstrapping Spring Data JPA repositories in DEFAULT mode.
2021-04-11 20:42:46,993 INFO org.springframework.data.repository.config.RepositoryConfigurationDelegate [restartedMain] Finished Spring Data repository scanning in 66 ms. Found 7 JPA repository interfaces.
2021-04-11 20:42:48,086 INFO org.springframework.boot.web.embedded.tomcat.TomcatWebServer [restartedMain] Tomcat initialized with port(s): 8081 (http)
2021-04-11 20:42:48,095 INFO org.apache.coyote.http11.Http11NioProtocol [restartedMain] Initializing ProtocolHandler ["http-nio-8081"]
2021-04-11 20:42:48,095 INFO org.apache.catalina.core.StandardService [restartedMain] Starting service [Tomcat]
2021-04-11 20:42:48,095 INFO org.apache.catalina.core.StandardEngine [restartedMain] Starting Servlet engine: [Apache Tomcat/9.0.43]
2021-04-11 20:42:48,185 INFO org.apache.catalina.core.ContainerBase.[Tomcat].[localhost].[/springfox] [restartedMain] Initializing Spring embedded WebApplicationContext
2021-04-11 20:42:48,185 INFO org.springframework.boot.web.servlet.context.ServletWebServerApplicationContext [restartedMain] Root WebApplicationContext: initialization completed in 2019 ms
2021-04-11 20:42:48,523 INFO org.hibernate.jpa.internal.util.LogHelper [restartedMain] HHH000204: Processing PersistenceUnitInfo [name: default]
2021-04-11 20:42:48,577 INFO org.hibernate.Version [restartedMain] HHH000412: Hibernate ORM core version 5.4.28.Final
2021-04-11 20:42:48,697 INFO org.hibernate.annotations.common.Version [restartedMain] HCANN000001: Hibernate Commons Annotations {5.1.2.Final}
2021-04-11 20:42:48,786 INFO com.zaxxer.hikari.HikariDataSource [restartedMain] HikariPool-1 - Starting...
2021-04-11 20:42:49,164 INFO com.zaxxer.hikari.HikariDataSource [restartedMain] HikariPool-1 - Start completed.
2021-04-11 20:42:49,209 INFO org.hibernate.dialect.Dialect [restartedMain] HHH000400: Using dialect: org.hibernate.dialect.PostgreSQL10Dialect
2021-04-11 20:42:50,382 INFO org.hibernate.engine.transaction.jta.platform.internal.JtaPlatformInitiator [restartedMain] HHH000490: Using JtaPlatform implementation: [org.hibernate.engine.transaction.jta.platform.internal.NoJtaPlatform]
2021-04-11 20:42:50,391 INFO org.springframework.orm.jpa.LocalContainerEntityManagerFactoryBean [restartedMain] Initialized JPA EntityManagerFactory for persistence unit 'default'
2021-04-11 20:42:50,404 INFO org.springframework.boot.devtools.autoconfigure.OptionalLiveReloadServer [restartedMain] LiveReload server is running on port 35729
2021-04-11 20:42:51,426 WARN org.springframework.boot.autoconfigure.orm.jpa.JpaBaseConfiguration$JpaWebConfiguration [restartedMain] spring.jpa.open-in-view is enabled by default. Therefore, database queries may be performed during view rendering. Explicitly configure spring.jpa.open-in-view to disable this warning
2021-04-11 20:42:51,633 INFO org.springframework.boot.actuate.endpoint.web.EndpointLinksResolver [restartedMain] Exposing 2 endpoint(s) beneath base path '/actuator'
2021-04-11 20:42:52,110 INFO org.apache.coyote.http11.Http11NioProtocol [restartedMain] Starting ProtocolHandler ["http-nio-8081"]
2021-04-11 20:42:52,132 INFO org.springframework.boot.web.embedded.tomcat.TomcatWebServer [restartedMain] Tomcat started on port(s): 8081 (http) with context path '/springfox'
2021-04-11 20:42:52,646 INFO com.cg.hims.application.HomeInsuranceManagementSystemApplication [restartedMain] Started HomeInsuranceManagementSystemApplication in 6.838 seconds (JVM running for 7.295)
2021-04-11 20:43:07,129 INFO org.apache.catalina.core.ContainerBase.[Tomcat].[localhost].[/springfox] [http-nio-8081-exec-2] Initializing Spring DispatcherServlet 'dispatcherServlet'
2021-04-11 20:43:07,129 INFO org.springframework.web.servlet.DispatcherServlet [http-nio-8081-exec-2] Initializing Servlet 'dispatcherServlet'
2021-04-11 20:43:07,132 INFO org.springframework.web.servlet.DispatcherServlet [http-nio-8081-exec-2] Completed initialization in 3 ms
2021-04-11 20:43:07,207 DEBUG com.cg.hims.loggeraspect.UserLoggerAspect [http-nio-8081-exec-2] Entering method : com.cg.hims.controller.LoginController.AuthenticateUser() with argument[s] = [ss, ss]
2021-04-11 20:43:07,316 DEBUG com.cg.hims.loggeraspect.UserLoggerAspect [http-nio-8081-exec-2] Exiting method: com.cg.hims.controller.LoginController.AuthenticateUser() with result = <200 OK OK,User doesn't exist,[]>
2021-04-11 20:43:07,377 DEBUG com.cg.hims.loggeraspect.PolicyHolderLoggerAspect [http-nio-8081-exec-1] Entering method : com.cg.hims.controller.PolicyHolderController.getAllPolicyHolders() with argument[s] = []
2021-04-11 20:43:07,555 DEBUG com.cg.hims.loggeraspect.PolicyHolderLoggerAspect [http-nio-8081-exec-1] Exiting method: com.cg.hims.controller.PolicyHolderController.getAllPolicyHolders() with result = [FAILED toString()]
2021-04-11 20:43:21,564 DEBUG com.cg.hims.loggeraspect.PolicyHolderLoggerAspect [http-nio-8081-exec-6] Entering method : com.cg.hims.controller.PolicyHolderController.getAllPolicyHolders() with argument[s] = []
2021-04-11 20:43:21,599 DEBUG com.cg.hims.loggeraspect.PolicyHolderLoggerAspect [http-nio-8081-exec-6] Exiting method: com.cg.hims.controller.PolicyHolderController.getAllPolicyHolders() with result = [FAILED toString()]
2021-04-11 20:43:48,663 DEBUG com.cg.hims.loggeraspect.PolicyHolderLoggerAspect [http-nio-8081-exec-4] Entering method : com.cg.hims.controller.PolicyHolderController.getAllPolicyHolders() with argument[s] = []
2021-04-11 20:43:48,688 DEBUG com.cg.hims.loggeraspect.PolicyHolderLoggerAspect [http-nio-8081-exec-4] Exiting method: com.cg.hims.controller.PolicyHolderController.getAllPolicyHolders() with result = [FAILED toString()]
2021-04-11 20:54:49,011 INFO org.springframework.orm.jpa.LocalContainerEntityManagerFactoryBean [Thread-6] Closing JPA EntityManagerFactory for persistence unit 'default'
2021-04-11 20:54:49,015 INFO com.zaxxer.hikari.HikariDataSource [Thread-6] HikariPool-1 - Shutdown initiated...
2021-04-11 20:54:49,018 INFO com.zaxxer.hikari.HikariDataSource [Thread-6] HikariPool-1 - Shutdown completed.
2021-04-11 20:54:49,196 INFO com.cg.hims.application.HomeInsuranceManagementSystemApplication [restartedMain] Starting HomeInsuranceManagementSystemApplication using Java 1.8.0_281 on DJ with PID 30500 (C:\Users\divya\Desktop\HomeInsuranceSystem\Home-Insurance-Management-System\Home-Insurance-Management-System\target\classes started by DJ Koneru in C:\Users\divya\Desktop\HomeInsuranceSystem\Home-Insurance-Management-System\Home-Insurance-Management-System)
2021-04-11 20:54:49,196 DEBUG com.cg.hims.application.HomeInsuranceManagementSystemApplication [restartedMain] Running with Spring Boot v2.4.3, Spring v5.3.4
2021-04-11 20:54:49,196 INFO com.cg.hims.application.HomeInsuranceManagementSystemApplication [restartedMain] No active profile set, falling back to default profiles: default
2021-04-11 20:54:49,580 INFO org.springframework.data.repository.config.RepositoryConfigurationDelegate [restartedMain] Bootstrapping Spring Data JPA repositories in DEFAULT mode.
2021-04-11 20:54:49,599 INFO org.springframework.data.repository.config.RepositoryConfigurationDelegate [restartedMain] Finished Spring Data repository scanning in 18 ms. Found 7 JPA repository interfaces.
2021-04-11 20:54:49,793 INFO org.springframework.boot.web.embedded.tomcat.TomcatWebServer [restartedMain] Tomcat initialized with port(s): 8081 (http)
2021-04-11 20:54:49,793 INFO org.apache.coyote.http11.Http11NioProtocol [restartedMain] Initializing ProtocolHandler ["http-nio-8081"]
2021-04-11 20:54:49,793 INFO org.apache.catalina.core.StandardService [restartedMain] Starting service [Tomcat]
2021-04-11 20:54:49,793 INFO org.apache.catalina.core.StandardEngine [restartedMain] Starting Servlet engine: [Apache Tomcat/9.0.43]
2021-04-11 20:54:49,804 INFO org.apache.catalina.core.ContainerBase.[Tomcat].[localhost].[/springfox] [restartedMain] Initializing Spring embedded WebApplicationContext
2021-04-11 20:54:49,804 INFO org.springframework.boot.web.servlet.context.ServletWebServerApplicationContext [restartedMain] Root WebApplicationContext: initialization completed in 605 ms
2021-04-11 20:54:49,873 INFO org.hibernate.jpa.internal.util.LogHelper [restartedMain] HHH000204: Processing PersistenceUnitInfo [name: default]
2021-04-11 20:54:49,877 INFO com.zaxxer.hikari.HikariDataSource [restartedMain] HikariPool-2 - Starting...
2021-04-11 20:54:49,912 INFO com.zaxxer.hikari.HikariDataSource [restartedMain] HikariPool-2 - Start completed.
2021-04-11 20:54:49,913 INFO org.hibernate.dialect.Dialect [restartedMain] HHH000400: Using dialect: org.hibernate.dialect.PostgreSQL10Dialect
2021-04-11 20:54:50,406 INFO org.hibernate.engine.transaction.jta.platform.internal.JtaPlatformInitiator [restartedMain] HHH000490: Using JtaPlatform implementation: [org.hibernate.engine.transaction.jta.platform.internal.NoJtaPlatform]
2021-04-11 20:54:50,407 INFO org.springframework.orm.jpa.LocalContainerEntityManagerFactoryBean [restartedMain] Initialized JPA EntityManagerFactory for persistence unit 'default'
2021-04-11 20:54:50,413 INFO org.springframework.boot.devtools.autoconfigure.OptionalLiveReloadServer [restartedMain] LiveReload server is running on port 35729
2021-04-11 20:54:50,701 WARN org.springframework.boot.autoconfigure.orm.jpa.JpaBaseConfiguration$JpaWebConfiguration [restartedMain] spring.jpa.open-in-view is enabled by default. Therefore, database queries may be performed during view rendering. Explicitly configure spring.jpa.open-in-view to disable this warning
2021-04-11 20:54:50,773 INFO org.springframework.boot.actuate.endpoint.web.EndpointLinksResolver [restartedMain] Exposing 2 endpoint(s) beneath base path '/actuator'
2021-04-11 20:54:50,913 INFO org.apache.coyote.http11.Http11NioProtocol [restartedMain] Starting ProtocolHandler ["http-nio-8081"]
2021-04-11 20:54:50,916 INFO org.springframework.boot.web.embedded.tomcat.TomcatWebServer [restartedMain] Tomcat started on port(s): 8081 (http) with context path '/springfox'
2021-04-11 20:54:51,057 INFO com.cg.hims.application.HomeInsuranceManagementSystemApplication [restartedMain] Started HomeInsuranceManagementSystemApplication in 1.893 seconds (JVM running for 725.706)
2021-04-11 20:54:51,060 INFO org.springframework.boot.devtools.autoconfigure.ConditionEvaluationDeltaLoggingListener [restartedMain] Condition evaluation unchanged
2021-04-11 20:55:14,087 INFO org.springframework.orm.jpa.LocalContainerEntityManagerFactoryBean [Thread-10] Closing JPA EntityManagerFactory for persistence unit 'default'
2021-04-11 20:55:14,089 INFO com.zaxxer.hikari.HikariDataSource [Thread-10] HikariPool-2 - Shutdown initiated...
2021-04-11 20:55:14,093 INFO com.zaxxer.hikari.HikariDataSource [Thread-10] HikariPool-2 - Shutdown completed.
2021-04-11 20:55:14,272 INFO com.cg.hims.application.HomeInsuranceManagementSystemApplication [restartedMain] Starting HomeInsuranceManagementSystemApplication using Java 1.8.0_281 on DJ with PID 30500 (C:\Users\divya\Desktop\HomeInsuranceSystem\Home-Insurance-Management-System\Home-Insurance-Management-System\target\classes started by DJ Koneru in C:\Users\divya\Desktop\HomeInsuranceSystem\Home-Insurance-Management-System\Home-Insurance-Management-System)
2021-04-11 20:55:14,273 DEBUG com.cg.hims.application.HomeInsuranceManagementSystemApplication [restartedMain] Running with Spring Boot v2.4.3, Spring v5.3.4
2021-04-11 20:55:14,273 INFO com.cg.hims.application.HomeInsuranceManagementSystemApplication [restartedMain] No active profile set, falling back to default profiles: default
2021-04-11 20:55:14,615 INFO org.springframework.data.repository.config.RepositoryConfigurationDelegate [restartedMain] Bootstrapping Spring Data JPA repositories in DEFAULT mode.
2021-04-11 20:55:14,631 INFO org.springframework.data.repository.config.RepositoryConfigurationDelegate [restartedMain] Finished Spring Data repository scanning in 15 ms. Found 7 JPA repository interfaces.
2021-04-11 20:55:14,756 INFO org.springframework.boot.web.embedded.tomcat.TomcatWebServer [restartedMain] Tomcat initialized with port(s): 8081 (http)
2021-04-11 20:55:14,757 INFO org.apache.coyote.http11.Http11NioProtocol [restartedMain] Initializing ProtocolHandler ["http-nio-8081"]
2021-04-11 20:55:14,757 INFO org.apache.catalina.core.StandardService [restartedMain] Starting service [Tomcat]
2021-04-11 20:55:14,757 INFO org.apache.catalina.core.StandardEngine [restartedMain] Starting Servlet engine: [Apache Tomcat/9.0.43]
2021-04-11 20:55:14,768 INFO org.apache.catalina.core.ContainerBase.[Tomcat].[localhost].[/springfox] [restartedMain] Initializing Spring embedded WebApplicationContext
2021-04-11 20:55:14,768 INFO org.springframework.boot.web.servlet.context.ServletWebServerApplicationContext [restartedMain] Root WebApplicationContext: initialization completed in 492 ms
2021-04-11 20:55:14,811 INFO org.hibernate.jpa.internal.util.LogHelper [restartedMain] HHH000204: Processing PersistenceUnitInfo [name: default]
2021-04-11 20:55:14,814 INFO com.zaxxer.hikari.HikariDataSource [restartedMain] HikariPool-3 - Starting...
2021-04-11 20:55:14,851 INFO com.zaxxer.hikari.HikariDataSource [restartedMain] HikariPool-3 - Start completed.
2021-04-11 20:55:14,851 INFO org.hibernate.dialect.Dialect [restartedMain] HHH000400: Using dialect: org.hibernate.dialect.PostgreSQL10Dialect
2021-04-11 20:55:15,334 INFO org.hibernate.engine.transaction.jta.platform.internal.JtaPlatformInitiator [restartedMain] HHH000490: Using JtaPlatform implementation: [org.hibernate.engine.transaction.jta.platform.internal.NoJtaPlatform]
2021-04-11 20:55:15,335 INFO org.springframework.orm.jpa.LocalContainerEntityManagerFactoryBean [restartedMain] Initialized JPA EntityManagerFactory for persistence unit 'default'
2021-04-11 20:55:15,342 INFO org.springframework.boot.devtools.autoconfigure.OptionalLiveReloadServer [restartedMain] LiveReload server is running on port 35729
2021-04-11 20:55:15,524 WARN org.springframework.boot.autoconfigure.orm.jpa.JpaBaseConfiguration$JpaWebConfiguration [restartedMain] spring.jpa.open-in-view is enabled by default. Therefore, database queries may be performed during view rendering. Explicitly configure spring.jpa.open-in-view to disable this warning
2021-04-11 20:55:15,584 INFO org.springframework.boot.actuate.endpoint.web.EndpointLinksResolver [restartedMain] Exposing 2 endpoint(s) beneath base path '/actuator'
2021-04-11 20:55:15,732 INFO org.apache.coyote.http11.Http11NioProtocol [restartedMain] Starting ProtocolHandler ["http-nio-8081"]
2021-04-11 20:55:15,737 INFO org.springframework.boot.web.embedded.tomcat.TomcatWebServer [restartedMain] Tomcat started on port(s): 8081 (http) with context path '/springfox'
2021-04-11 20:55:15,875 INFO com.cg.hims.application.HomeInsuranceManagementSystemApplication [restartedMain] Started HomeInsuranceManagementSystemApplication in 1.63 seconds (JVM running for 750.524)
2021-04-11 20:55:15,877 INFO org.springframework.boot.devtools.autoconfigure.ConditionEvaluationDeltaLoggingListener [restartedMain] Condition evaluation unchanged
2021-04-11 20:55:21,338 INFO org.apache.catalina.core.ContainerBase.[Tomcat].[localhost].[/springfox] [http-nio-8081-exec-1] Initializing Spring DispatcherServlet 'dispatcherServlet'
2021-04-11 20:55:21,339 INFO org.springframework.web.servlet.DispatcherServlet [http-nio-8081-exec-1] Initializing Servlet 'dispatcherServlet'
2021-04-11 20:55:21,340 INFO org.springframework.web.servlet.DispatcherServlet [http-nio-8081-exec-1] Completed initialization in 1 ms
