2021-04-14 19:20:52,943 INFO com.cg.hims.application.HomeInsuranceManagementSystemApplication [restartedMain] Starting HomeInsuranceManagementSystemApplication using Java 1.8.0_281 on DESKTOP-CG71B0F with PID 17000 (D:\Home-Insurance-Management-System\target\classes started by 91949 in D:\Home-Insurance-Management-System)
2021-04-14 19:20:52,944 DEBUG com.cg.hims.application.HomeInsuranceManagementSystemApplication [restartedMain] Running with Spring Boot v2.4.3, Spring v5.3.4
2021-04-14 19:20:52,945 INFO com.cg.hims.application.HomeInsuranceManagementSystemApplication [restartedMain] No active profile set, falling back to default profiles: default
2021-04-14 19:20:52,997 INFO org.springframework.boot.devtools.env.DevToolsPropertyDefaultsPostProcessor [restartedMain] Devtools property defaults active! Set 'spring.devtools.add-properties' to 'false' to disable
2021-04-14 19:20:52,998 INFO org.springframework.boot.devtools.env.DevToolsPropertyDefaultsPostProcessor [restartedMain] For additional web related logging consider setting the 'logging.level.web' property to 'DEBUG'
2021-04-14 19:20:53,935 INFO org.springframework.data.repository.config.RepositoryConfigurationDelegate [restartedMain] Bootstrapping Spring Data JPA repositories in DEFAULT mode.
2021-04-14 19:20:54,007 INFO org.springframework.data.repository.config.RepositoryConfigurationDelegate [restartedMain] Finished Spring Data repository scanning in 61 ms. Found 7 JPA repository interfaces.
2021-04-14 19:20:55,212 INFO org.springframework.boot.web.embedded.tomcat.TomcatWebServer [restartedMain] Tomcat initialized with port(s): 8081 (http)
2021-04-14 19:20:55,222 INFO org.apache.coyote.http11.Http11NioProtocol [restartedMain] Initializing ProtocolHandler ["http-nio-8081"]
2021-04-14 19:20:55,222 INFO org.apache.catalina.core.StandardService [restartedMain] Starting service [Tomcat]
2021-04-14 19:20:55,223 INFO org.apache.catalina.core.StandardEngine [restartedMain] Starting Servlet engine: [Apache Tomcat/9.0.43]
2021-04-14 19:20:55,302 INFO org.apache.catalina.core.ContainerBase.[Tomcat].[localhost].[/springfox] [restartedMain] Initializing Spring embedded WebApplicationContext
2021-04-14 19:20:55,303 INFO org.springframework.boot.web.servlet.context.ServletWebServerApplicationContext [restartedMain] Root WebApplicationContext: initialization completed in 2304 ms
2021-04-14 19:20:55,667 INFO org.hibernate.jpa.internal.util.LogHelper [restartedMain] HHH000204: Processing PersistenceUnitInfo [name: default]
2021-04-14 19:20:55,747 INFO org.hibernate.Version [restartedMain] HHH000412: Hibernate ORM core version 5.4.28.Final
2021-04-14 19:20:55,926 INFO org.hibernate.annotations.common.Version [restartedMain] HCANN000001: Hibernate Commons Annotations {5.1.2.Final}
2021-04-14 19:20:56,051 INFO com.zaxxer.hikari.HikariDataSource [restartedMain] HikariPool-1 - Starting...
2021-04-14 19:20:56,525 INFO com.zaxxer.hikari.HikariDataSource [restartedMain] HikariPool-1 - Start completed.
2021-04-14 19:20:56,568 INFO org.hibernate.dialect.Dialect [restartedMain] HHH000400: Using dialect: org.hibernate.dialect.PostgreSQL10Dialect
2021-04-14 19:20:57,635 INFO org.hibernate.engine.transaction.jta.platform.internal.JtaPlatformInitiator [restartedMain] HHH000490: Using JtaPlatform implementation: [org.hibernate.engine.transaction.jta.platform.internal.NoJtaPlatform]
2021-04-14 19:20:57,643 INFO org.springframework.orm.jpa.LocalContainerEntityManagerFactoryBean [restartedMain] Initialized JPA EntityManagerFactory for persistence unit 'default'
2021-04-14 19:20:57,654 INFO org.springframework.boot.devtools.autoconfigure.OptionalLiveReloadServer [restartedMain] LiveReload server is running on port 35729
2021-04-14 19:20:58,683 WARN org.springframework.boot.autoconfigure.orm.jpa.JpaBaseConfiguration$JpaWebConfiguration [restartedMain] spring.jpa.open-in-view is enabled by default. Therefore, database queries may be performed during view rendering. Explicitly configure spring.jpa.open-in-view to disable this warning
2021-04-14 19:20:58,921 INFO org.springframework.boot.actuate.endpoint.web.EndpointLinksResolver [restartedMain] Exposing 2 endpoint(s) beneath base path '/actuator'
2021-04-14 19:20:59,396 INFO org.apache.coyote.http11.Http11NioProtocol [restartedMain] Starting ProtocolHandler ["http-nio-8081"]
2021-04-14 19:20:59,421 INFO org.springframework.boot.web.embedded.tomcat.TomcatWebServer [restartedMain] Tomcat started on port(s): 8081 (http) with context path '/springfox'
2021-04-14 19:20:59,845 INFO com.cg.hims.application.HomeInsuranceManagementSystemApplication [restartedMain] Started HomeInsuranceManagementSystemApplication in 7.189 seconds (JVM running for 7.731)
2021-04-14 21:35:46,675 INFO org.apache.catalina.core.ContainerBase.[Tomcat].[localhost].[/springfox] [http-nio-8081-exec-2] Initializing Spring DispatcherServlet 'dispatcherServlet'
2021-04-14 21:35:46,679 INFO org.springframework.web.servlet.DispatcherServlet [http-nio-8081-exec-2] Initializing Servlet 'dispatcherServlet'
2021-04-14 21:35:46,722 INFO org.springframework.web.servlet.DispatcherServlet [http-nio-8081-exec-2] Completed initialization in 43 ms
2021-04-14 21:35:46,951 DEBUG com.cg.hims.loggeraspect.UserLoggerAspect [http-nio-8081-exec-2] Entering method : com.cg.hims.controller.LoginController.changePassword() with argument[s] = [Bindu, himabindu1@]
2021-04-14 21:35:47,251 DEBUG com.cg.hims.loggeraspect.UserLoggerAspect [http-nio-8081-exec-2] Exiting method: com.cg.hims.controller.LoginController.changePassword() with result = <200 OK OK,Password changed!,[]>
2021-04-14 21:37:38,048 DEBUG com.cg.hims.loggeraspect.UserLoggerAspect [http-nio-8081-exec-3] Entering method : com.cg.hims.controller.LoginController.changePassword() with argument[s] = [Nikhil, niki123@]
2021-04-14 21:37:38,066 DEBUG com.cg.hims.loggeraspect.UserLoggerAspect [http-nio-8081-exec-3] Exiting method: com.cg.hims.controller.LoginController.changePassword() with result = <200 OK OK,Password changed!,[]>
2021-04-14 21:40:57,548 DEBUG com.cg.hims.loggeraspect.UserLoggerAspect [http-nio-8081-exec-7] Entering method : com.cg.hims.controller.LoginController.changePassword() with argument[s] = [pavanK, DKp123@]
2021-04-14 21:40:57,557 DEBUG com.cg.hims.loggeraspect.UserLoggerAspect [http-nio-8081-exec-7] Exiting method: com.cg.hims.controller.LoginController.changePassword() with result = <200 OK OK,Password changed!,[]>
2021-04-14 21:41:00,435 DEBUG com.cg.hims.loggeraspect.UserLoggerAspect [http-nio-8081-exec-9] Entering method : com.cg.hims.controller.LoginController.changePassword() with argument[s] = [pavanK, DKp123@]
2021-04-14 21:41:00,446 DEBUG com.cg.hims.loggeraspect.UserLoggerAspect [http-nio-8081-exec-9] Exiting method: com.cg.hims.controller.LoginController.changePassword() with result = <200 OK OK,Password changed!,[]>
2021-04-14 21:41:02,448 DEBUG com.cg.hims.loggeraspect.UserLoggerAspect [http-nio-8081-exec-10] Entering method : com.cg.hims.controller.LoginController.changePassword() with argument[s] = [pavanK, DKp123@]
2021-04-14 21:41:02,460 DEBUG com.cg.hims.loggeraspect.UserLoggerAspect [http-nio-8081-exec-10] Exiting method: com.cg.hims.controller.LoginController.changePassword() with result = <200 OK OK,Password changed!,[]>
2021-04-14 21:41:03,123 DEBUG com.cg.hims.loggeraspect.UserLoggerAspect [http-nio-8081-exec-2] Entering method : com.cg.hims.controller.LoginController.changePassword() with argument[s] = [pavanK, DKp123@]
2021-04-14 21:41:03,130 DEBUG com.cg.hims.loggeraspect.UserLoggerAspect [http-nio-8081-exec-2] Exiting method: com.cg.hims.controller.LoginController.changePassword() with result = <200 OK OK,Password changed!,[]>
2021-04-14 21:41:03,339 DEBUG com.cg.hims.loggeraspect.UserLoggerAspect [http-nio-8081-exec-1] Entering method : com.cg.hims.controller.LoginController.changePassword() with argument[s] = [pavanK, DKp123@]
2021-04-14 21:41:03,346 DEBUG com.cg.hims.loggeraspect.UserLoggerAspect [http-nio-8081-exec-1] Exiting method: com.cg.hims.controller.LoginController.changePassword() with result = <200 OK OK,Password changed!,[]>
2021-04-14 21:41:03,539 DEBUG com.cg.hims.loggeraspect.UserLoggerAspect [http-nio-8081-exec-4] Entering method : com.cg.hims.controller.LoginController.changePassword() with argument[s] = [pavanK, DKp123@]
2021-04-14 21:41:03,547 DEBUG com.cg.hims.loggeraspect.UserLoggerAspect [http-nio-8081-exec-4] Exiting method: com.cg.hims.controller.LoginController.changePassword() with result = <200 OK OK,Password changed!,[]>
2021-04-14 21:41:03,770 DEBUG com.cg.hims.loggeraspect.UserLoggerAspect [http-nio-8081-exec-3] Entering method : com.cg.hims.controller.LoginController.changePassword() with argument[s] = [pavanK, DKp123@]
2021-04-14 21:41:03,777 DEBUG com.cg.hims.loggeraspect.UserLoggerAspect [http-nio-8081-exec-3] Exiting method: com.cg.hims.controller.LoginController.changePassword() with result = <200 OK OK,Password changed!,[]>
2021-04-14 21:41:13,638 DEBUG com.cg.hims.loggeraspect.UserLoggerAspect [http-nio-8081-exec-6] Entering method : com.cg.hims.controller.LoginController.changePassword() with argument[s] = [pavanK, DKp123@]
2021-04-14 21:41:13,645 DEBUG com.cg.hims.loggeraspect.UserLoggerAspect [http-nio-8081-exec-6] Exiting method: com.cg.hims.controller.LoginController.changePassword() with result = <200 OK OK,Password changed!,[]>
2021-04-14 21:42:58,561 DEBUG com.cg.hims.loggeraspect.UserLoggerAspect [http-nio-8081-exec-9] Entering method : com.cg.hims.controller.LoginController.changePassword() with argument[s] = [pavanK, Pavankumar1@]
2021-04-14 21:42:58,570 DEBUG com.cg.hims.loggeraspect.UserLoggerAspect [http-nio-8081-exec-9] Exiting method: com.cg.hims.controller.LoginController.changePassword() with result = <200 OK OK,Password changed!,[]>
2021-04-14 21:44:29,610 DEBUG com.cg.hims.loggeraspect.UserLoggerAspect [http-nio-8081-exec-1] Entering method : com.cg.hims.controller.LoginController.changePassword() with argument[s] = [Bindu, hima123@]
2021-04-14 21:44:29,625 DEBUG com.cg.hims.loggeraspect.UserLoggerAspect [http-nio-8081-exec-1] Exiting method: com.cg.hims.controller.LoginController.changePassword() with result = <200 OK OK,Password changed!,[]>
2021-04-14 21:44:56,145 DEBUG com.cg.hims.loggeraspect.UserLoggerAspect [http-nio-8081-exec-3] Entering method : com.cg.hims.controller.LoginController.changePassword() with argument[s] = [Bindu, himabin1@]
2021-04-14 21:44:56,159 DEBUG com.cg.hims.loggeraspect.UserLoggerAspect [http-nio-8081-exec-3] Exiting method: com.cg.hims.controller.LoginController.changePassword() with result = <200 OK OK,Password changed!,[]>
2021-04-14 21:48:21,437 WARN org.springframework.web.servlet.PageNotFound [http-nio-8081-exec-6] No mapping for OPTIONS /springfox/hims/user/changepassword//
2021-04-14 21:54:05,455 DEBUG com.cg.hims.loggeraspect.UserLoggerAspect [http-nio-8081-exec-9] Entering method : com.cg.hims.controller.LoginController.changePassword() with argument[s] = [Bindu, bhjkl]
2021-04-14 21:54:05,474 DEBUG com.cg.hims.loggeraspect.UserLoggerAspect [http-nio-8081-exec-9] Exiting method: com.cg.hims.controller.LoginController.changePassword() with result = <200 OK OK,Password changed!,[]>
2021-04-14 21:55:20,042 DEBUG com.cg.hims.loggeraspect.UserLoggerAspect [http-nio-8081-exec-1] Entering method : com.cg.hims.controller.LoginController.signup() with argument[s] = [User(userId=0, userName=Bindu, password=nobita@1aa, firstName=nobita, lastName=suzuka, emailId=nobita@gmail., contactNo=8247547185, address=India, userRole=, admin=null, agent=null, policyHolder=null)]
2021-04-14 21:55:20,055 DEBUG com.cg.hims.loggeraspect.UserLoggerAspect [http-nio-8081-exec-1] Exiting method: com.cg.hims.controller.LoginController.signup() with result = <200 OK OK,Username already exists,[]>
2021-04-14 22:00:56,217 DEBUG com.cg.hims.loggeraspect.UserLoggerAspect [http-nio-8081-exec-5] Entering method : com.cg.hims.controller.LoginController.changePassword() with argument[s] = [Bindu, bindu]
2021-04-14 22:00:56,230 DEBUG com.cg.hims.loggeraspect.UserLoggerAspect [http-nio-8081-exec-5] Exiting method: com.cg.hims.controller.LoginController.changePassword() with result = <200 OK OK,Password changed!,[]>
2021-04-14 22:00:56,423 DEBUG com.cg.hims.loggeraspect.UserLoggerAspect [http-nio-8081-exec-6] Entering method : com.cg.hims.controller.LoginController.changePassword() with argument[s] = [Bindu, bindu]
2021-04-14 22:00:56,436 DEBUG com.cg.hims.loggeraspect.UserLoggerAspect [http-nio-8081-exec-6] Exiting method: com.cg.hims.controller.LoginController.changePassword() with result = <200 OK OK,Password changed!,[]>
2021-04-14 22:00:57,023 DEBUG com.cg.hims.loggeraspect.UserLoggerAspect [http-nio-8081-exec-7] Entering method : com.cg.hims.controller.LoginController.changePassword() with argument[s] = [Bindu, bindu]
2021-04-14 22:00:57,034 DEBUG com.cg.hims.loggeraspect.UserLoggerAspect [http-nio-8081-exec-7] Exiting method: com.cg.hims.controller.LoginController.changePassword() with result = <200 OK OK,Password changed!,[]>
2021-04-14 22:00:57,253 DEBUG com.cg.hims.loggeraspect.UserLoggerAspect [http-nio-8081-exec-9] Entering method : com.cg.hims.controller.LoginController.changePassword() with argument[s] = [Bindu, bindu]
2021-04-14 22:00:57,265 DEBUG com.cg.hims.loggeraspect.UserLoggerAspect [http-nio-8081-exec-9] Exiting method: com.cg.hims.controller.LoginController.changePassword() with result = <200 OK OK,Password changed!,[]>
2021-04-14 22:01:01,629 DEBUG com.cg.hims.loggeraspect.UserLoggerAspect [http-nio-8081-exec-10] Entering method : com.cg.hims.controller.LoginController.changePassword() with argument[s] = [Bindu, bindu]
2021-04-14 22:01:01,641 DEBUG com.cg.hims.loggeraspect.UserLoggerAspect [http-nio-8081-exec-10] Exiting method: com.cg.hims.controller.LoginController.changePassword() with result = <200 OK OK,Password changed!,[]>
2021-04-14 22:01:01,811 DEBUG com.cg.hims.loggeraspect.UserLoggerAspect [http-nio-8081-exec-2] Entering method : com.cg.hims.controller.LoginController.changePassword() with argument[s] = [Bindu, bindu]
2021-04-14 22:01:01,827 DEBUG com.cg.hims.loggeraspect.UserLoggerAspect [http-nio-8081-exec-2] Exiting method: com.cg.hims.controller.LoginController.changePassword() with result = <200 OK OK,Password changed!,[]>
2021-04-14 22:01:02,035 DEBUG com.cg.hims.loggeraspect.UserLoggerAspect [http-nio-8081-exec-1] Entering method : com.cg.hims.controller.LoginController.changePassword() with argument[s] = [Bindu, bindu]
2021-04-14 22:01:02,044 DEBUG com.cg.hims.loggeraspect.UserLoggerAspect [http-nio-8081-exec-1] Exiting method: com.cg.hims.controller.LoginController.changePassword() with result = <200 OK OK,Password changed!,[]>
2021-04-14 22:05:15,502 DEBUG com.cg.hims.loggeraspect.UserLoggerAspect [http-nio-8081-exec-5] Entering method : com.cg.hims.controller.LoginController.changePassword() with argument[s] = [Bindu, binduhima]
2021-04-14 22:05:15,515 DEBUG com.cg.hims.loggeraspect.UserLoggerAspect [http-nio-8081-exec-5] Exiting method: com.cg.hims.controller.LoginController.changePassword() with result = <200 OK OK,Password changed!,[]>
2021-04-14 22:05:16,365 DEBUG com.cg.hims.loggeraspect.UserLoggerAspect [http-nio-8081-exec-6] Entering method : com.cg.hims.controller.LoginController.changePassword() with argument[s] = [Bindu, binduhima]
2021-04-14 22:05:16,373 DEBUG com.cg.hims.loggeraspect.UserLoggerAspect [http-nio-8081-exec-6] Exiting method: com.cg.hims.controller.LoginController.changePassword() with result = <200 OK OK,Password changed!,[]>
2021-04-14 22:05:17,008 DEBUG com.cg.hims.loggeraspect.UserLoggerAspect [http-nio-8081-exec-7] Entering method : com.cg.hims.controller.LoginController.changePassword() with argument[s] = [Bindu, binduhima]
2021-04-14 22:05:17,016 DEBUG com.cg.hims.loggeraspect.UserLoggerAspect [http-nio-8081-exec-7] Exiting method: com.cg.hims.controller.LoginController.changePassword() with result = <200 OK OK,Password changed!,[]>
2021-04-14 22:05:20,860 DEBUG com.cg.hims.loggeraspect.UserLoggerAspect [http-nio-8081-exec-8] Entering method : com.cg.hims.controller.LoginController.changePassword() with argument[s] = [Bindu, binduhima]
2021-04-14 22:05:20,865 DEBUG com.cg.hims.loggeraspect.UserLoggerAspect [http-nio-8081-exec-8] Exiting method: com.cg.hims.controller.LoginController.changePassword() with result = <200 OK OK,Password changed!,[]>
2021-04-14 22:05:21,019 DEBUG com.cg.hims.loggeraspect.UserLoggerAspect [http-nio-8081-exec-9] Entering method : com.cg.hims.controller.LoginController.changePassword() with argument[s] = [Bindu, binduhima]
2021-04-14 22:05:21,023 DEBUG com.cg.hims.loggeraspect.UserLoggerAspect [http-nio-8081-exec-9] Exiting method: com.cg.hims.controller.LoginController.changePassword() with result = <200 OK OK,Password changed!,[]>
2021-04-14 22:05:21,208 DEBUG com.cg.hims.loggeraspect.UserLoggerAspect [http-nio-8081-exec-10] Entering method : com.cg.hims.controller.LoginController.changePassword() with argument[s] = [Bindu, binduhima]
2021-04-14 22:05:21,213 DEBUG com.cg.hims.loggeraspect.UserLoggerAspect [http-nio-8081-exec-10] Exiting method: com.cg.hims.controller.LoginController.changePassword() with result = <200 OK OK,Password changed!,[]>
2021-04-14 22:05:21,424 DEBUG com.cg.hims.loggeraspect.UserLoggerAspect [http-nio-8081-exec-2] Entering method : com.cg.hims.controller.LoginController.changePassword() with argument[s] = [Bindu, binduhima]
2021-04-14 22:05:21,429 DEBUG com.cg.hims.loggeraspect.UserLoggerAspect [http-nio-8081-exec-2] Exiting method: com.cg.hims.controller.LoginController.changePassword() with result = <200 OK OK,Password changed!,[]>
2021-04-14 22:12:29,204 DEBUG com.cg.hims.loggeraspect.UserLoggerAspect [http-nio-8081-exec-3] Entering method : com.cg.hims.controller.LoginController.changePassword() with argument[s] = [Bindu, himabindu]
2021-04-14 22:12:29,211 DEBUG com.cg.hims.loggeraspect.UserLoggerAspect [http-nio-8081-exec-3] Exiting method: com.cg.hims.controller.LoginController.changePassword() with result = <200 OK OK,Password changed!,[]>
2021-04-14 22:15:44,664 DEBUG com.cg.hims.loggeraspect.UserLoggerAspect [http-nio-8081-exec-7] Entering method : com.cg.hims.controller.LoginController.changePassword() with argument[s] = [Nikhil, Nikhil12@]
2021-04-14 22:15:44,673 DEBUG com.cg.hims.loggeraspect.UserLoggerAspect [http-nio-8081-exec-7] Exiting method: com.cg.hims.controller.LoginController.changePassword() with result = <200 OK OK,Password changed!,[]>
2021-04-14 22:16:38,026 DEBUG com.cg.hims.loggeraspect.UserLoggerAspect [http-nio-8081-exec-9] Entering method : com.cg.hims.controller.LoginController.signup() with argument[s] = [User(userId=0, userName=, password=, firstName=, lastName=, emailId=, contactNo=0, address=, userRole=, admin=null, agent=null, policyHolder=null)]
2021-04-14 22:16:38,116 DEBUG com.cg.hims.loggeraspect.UserLoggerAspect [http-nio-8081-exec-9] Exiting method: com.cg.hims.controller.LoginController.signup() with result = <200 OK OK,Added!,[]>
2021-04-14 22:17:14,497 DEBUG com.cg.hims.loggeraspect.UserLoggerAspect [http-nio-8081-exec-2] Entering method : com.cg.hims.controller.LoginController.signup() with argument[s] = [User(userId=0, userName=niranjan, password=niranjan12, firstName=nobita, lastName=suzuka, emailId=nobita@gmail.com, contactNo=8247547185, address=India, userRole=policyholder, admin=null, agent=null, policyHolder=null)]
2021-04-14 22:17:14,574 DEBUG com.cg.hims.loggeraspect.UserLoggerAspect [http-nio-8081-exec-2] Exiting method: com.cg.hims.controller.LoginController.signup() with result = <200 OK OK,Added!,[]>
2021-04-14 22:18:28,693 DEBUG com.cg.hims.loggeraspect.UserLoggerAspect [http-nio-8081-exec-4] Entering method : com.cg.hims.controller.LoginController.signup() with argument[s] = [User(userId=0, userName=deek, password=nobita@1aa, firstName=nobita, lastName=suzuka, emailId=nobita@gmail.com, contactNo=8247547185, address=India, userRole=agent, admin=null, agent=null, policyHolder=null)]
2021-04-14 22:18:28,722 DEBUG com.cg.hims.loggeraspect.UserLoggerAspect [http-nio-8081-exec-4] Exiting method: com.cg.hims.controller.LoginController.signup() with result = <200 OK OK,Added!,[]>
2021-04-14 22:34:02,118 DEBUG com.cg.hims.loggeraspect.UserLoggerAspect [http-nio-8081-exec-6] Entering method : com.cg.hims.controller.LoginController.signup() with argument[s] = [User(userId=0, userName=daya, password=nobita, firstName=nikhil, lastName=raj, emailId=12345@gmail.com, contactNo=8247547185, address=India, userRole=policyholder, admin=null, agent=null, policyHolder=null)]
2021-04-14 22:34:02,137 DEBUG com.cg.hims.loggeraspect.UserLoggerAspect [http-nio-8081-exec-6] Exiting method: com.cg.hims.controller.LoginController.signup() with result = <200 OK OK,Added!,[]>
2021-04-14 23:31:07,608 DEBUG com.cg.hims.loggeraspect.UserLoggerAspect [http-nio-8081-exec-9] Entering method : com.cg.hims.controller.LoginController.signup() with argument[s] = [User(userId=0, userName=, password=, firstName=, lastName=, emailId=, contactNo=0, address=, userRole=, admin=null, agent=null, policyHolder=null)]
2021-04-14 23:31:07,637 DEBUG com.cg.hims.loggeraspect.UserLoggerAspect [http-nio-8081-exec-9] Exiting method: com.cg.hims.controller.LoginController.signup() with result = <200 OK OK,Username already exists,[]>
2021-04-14 23:31:19,163 DEBUG com.cg.hims.loggeraspect.UserLoggerAspect [http-nio-8081-exec-2] Entering method : com.cg.hims.controller.LoginController.signup() with argument[s] = [User(userId=0, userName=, password=, firstName=, lastName=, emailId=, contactNo=0, address=, userRole=, admin=null, agent=null, policyHolder=null)]
2021-04-14 23:31:19,184 DEBUG com.cg.hims.loggeraspect.UserLoggerAspect [http-nio-8081-exec-2] Exiting method: com.cg.hims.controller.LoginController.signup() with result = <200 OK OK,Username already exists,[]>
2021-04-14 23:32:10,454 DEBUG com.cg.hims.loggeraspect.UserLoggerAspect [http-nio-8081-exec-4] Entering method : com.cg.hims.controller.LoginController.signup() with argument[s] = [User(userId=0, userName=, password=, firstName=, lastName=, emailId=, contactNo=0, address=, userRole=, admin=null, agent=null, policyHolder=null)]
2021-04-14 23:32:10,472 DEBUG com.cg.hims.loggeraspect.UserLoggerAspect [http-nio-8081-exec-4] Exiting method: com.cg.hims.controller.LoginController.signup() with result = <200 OK OK,Added!,[]>
2021-04-14 23:32:42,713 DEBUG com.cg.hims.loggeraspect.UserLoggerAspect [http-nio-8081-exec-5] Entering method : com.cg.hims.controller.LoginController.signup() with argument[s] = [User(userId=0, userName=, password=, firstName=, lastName=, emailId=, contactNo=0, address=, userRole=, admin=null, agent=null, policyHolder=null)]
2021-04-14 23:32:42,729 DEBUG com.cg.hims.loggeraspect.UserLoggerAspect [http-nio-8081-exec-5] Exiting method: com.cg.hims.controller.LoginController.signup() with result = <200 OK OK,Username already exists,[]>
2021-04-14 23:33:04,994 DEBUG com.cg.hims.loggeraspect.UserLoggerAspect [http-nio-8081-exec-7] Entering method : com.cg.hims.controller.LoginController.AuthenticateUser() with argument[s] = [Bindu, himabindu]
2021-04-14 23:33:05,025 DEBUG com.cg.hims.loggeraspect.UserLoggerAspect [http-nio-8081-exec-7] Exiting method: com.cg.hims.controller.LoginController.AuthenticateUser() with result = <200 OK OK,agent Login Successful,[]>
